{"D:\\OneDrive\\frontend\\packages\\flatstack\\src\\actions\\cartActions.js": {"path":"D:\\OneDrive\\frontend\\packages\\flatstack\\src\\actions\\cartActions.js","statementMap":{"0":{"start":{"line":3,"column":30},"end":{"line":8,"column":1}},"1":{"start":{"line":4,"column":2},"end":{"line":7,"column":4}}},"fnMap":{"0":{"name":"(anonymous_0)","decl":{"start":{"line":3,"column":30},"end":{"line":3,"column":31}},"loc":{"start":{"line":3,"column":44},"end":{"line":8,"column":1}},"line":3}},"branchMap":{},"s":{"0":1,"1":1},"f":{"0":1},"b":{},"_coverageSchema":"1a1c01bbd47fc00a2c39e90264f33305004495a9","hash":"f0ebd9354ffc5d1e210f4fb9d77e39127542a144"}
,"D:\\OneDrive\\frontend\\packages\\flatstack\\src\\actions\\orderActions.js": {"path":"D:\\OneDrive\\frontend\\packages\\flatstack\\src\\actions\\orderActions.js","statementMap":{"0":{"start":{"line":3,"column":29},"end":{"line":8,"column":1}},"1":{"start":{"line":4,"column":2},"end":{"line":7,"column":4}},"2":{"start":{"line":10,"column":30},"end":{"line":15,"column":1}},"3":{"start":{"line":11,"column":2},"end":{"line":14,"column":4}},"4":{"start":{"line":17,"column":35},"end":{"line":22,"column":1}},"5":{"start":{"line":18,"column":2},"end":{"line":21,"column":4}},"6":{"start":{"line":24,"column":29},"end":{"line":29,"column":1}},"7":{"start":{"line":25,"column":2},"end":{"line":28,"column":4}},"8":{"start":{"line":31,"column":34},"end":{"line":36,"column":1}},"9":{"start":{"line":32,"column":2},"end":{"line":35,"column":4}},"10":{"start":{"line":38,"column":29},"end":{"line":43,"column":1}},"11":{"start":{"line":39,"column":2},"end":{"line":42,"column":4}}},"fnMap":{"0":{"name":"(anonymous_0)","decl":{"start":{"line":3,"column":29},"end":{"line":3,"column":30}},"loc":{"start":{"line":3,"column":44},"end":{"line":8,"column":1}},"line":3},"1":{"name":"(anonymous_1)","decl":{"start":{"line":10,"column":30},"end":{"line":10,"column":31}},"loc":{"start":{"line":10,"column":43},"end":{"line":15,"column":1}},"line":10},"2":{"name":"(anonymous_2)","decl":{"start":{"line":17,"column":35},"end":{"line":17,"column":36}},"loc":{"start":{"line":17,"column":49},"end":{"line":22,"column":1}},"line":17},"3":{"name":"(anonymous_3)","decl":{"start":{"line":24,"column":29},"end":{"line":24,"column":30}},"loc":{"start":{"line":24,"column":42},"end":{"line":29,"column":1}},"line":24},"4":{"name":"(anonymous_4)","decl":{"start":{"line":31,"column":34},"end":{"line":31,"column":35}},"loc":{"start":{"line":31,"column":48},"end":{"line":36,"column":1}},"line":31},"5":{"name":"(anonymous_5)","decl":{"start":{"line":38,"column":29},"end":{"line":38,"column":30}},"loc":{"start":{"line":38,"column":42},"end":{"line":43,"column":1}},"line":38}},"branchMap":{},"s":{"0":1,"1":1,"2":1,"3":1,"4":1,"5":1,"6":1,"7":1,"8":1,"9":1,"10":1,"11":1},"f":{"0":1,"1":1,"2":1,"3":1,"4":1,"5":1},"b":{},"_coverageSchema":"1a1c01bbd47fc00a2c39e90264f33305004495a9","hash":"d27c8ea73bbd2cb28f38a17816b86253be551733"}
,"D:\\OneDrive\\frontend\\packages\\flatstack\\src\\components\\billing\\index.js": {"path":"D:\\OneDrive\\frontend\\packages\\flatstack\\src\\components\\billing\\index.js","statementMap":{"0":{"start":{"line":16,"column":4},"end":{"line":16,"column":17}},"1":{"start":{"line":17,"column":4},"end":{"line":19,"column":6}},"2":{"start":{"line":20,"column":4},"end":{"line":20,"column":35}},"3":{"start":{"line":21,"column":4},"end":{"line":21,"column":51}},"4":{"start":{"line":22,"column":4},"end":{"line":22,"column":51}},"5":{"start":{"line":23,"column":4},"end":{"line":23,"column":79}},"6":{"start":{"line":24,"column":4},"end":{"line":24,"column":67}},"7":{"start":{"line":25,"column":4},"end":{"line":25,"column":79}},"8":{"start":{"line":29,"column":24},"end":{"line":29,"column":34}},"9":{"start":{"line":30,"column":4},"end":{"line":32,"column":5}},"10":{"start":{"line":31,"column":6},"end":{"line":31,"column":25}},"11":{"start":{"line":36,"column":50},"end":{"line":36,"column":60}},"12":{"start":{"line":37,"column":4},"end":{"line":45,"column":5}},"13":{"start":{"line":38,"column":23},"end":{"line":38,"column":48}},"14":{"start":{"line":39,"column":6},"end":{"line":42,"column":7}},"15":{"start":{"line":40,"column":8},"end":{"line":40,"column":37}},"16":{"start":{"line":41,"column":8},"end":{"line":41,"column":43}},"17":{"start":{"line":44,"column":6},"end":{"line":44,"column":25}},"18":{"start":{"line":49,"column":17},"end":{"line":49,"column":39}},"19":{"start":{"line":50,"column":4},"end":{"line":58,"column":7}},"20":{"start":{"line":62,"column":30},"end":{"line":62,"column":40}},"21":{"start":{"line":63,"column":4},"end":{"line":63,"column":39}},"22":{"start":{"line":67,"column":40},"end":{"line":67,"column":50}},"23":{"start":{"line":68,"column":4},"end":{"line":75,"column":7}},"24":{"start":{"line":79,"column":45},"end":{"line":79,"column":55}},"25":{"start":{"line":80,"column":26},"end":{"line":80,"column":45}},"26":{"start":{"line":81,"column":4},"end":{"line":88,"column":5}},"27":{"start":{"line":82,"column":6},"end":{"line":82,"column":36}},"28":{"start":{"line":84,"column":6},"end":{"line":84,"column":35}},"29":{"start":{"line":85,"column":6},"end":{"line":87,"column":9}},"30":{"start":{"line":92,"column":4},"end":{"line":92,"column":23}},"31":{"start":{"line":96,"column":24},"end":{"line":96,"column":34}},"32":{"start":{"line":97,"column":33},"end":{"line":97,"column":43}},"33":{"start":{"line":98,"column":30},"end":{"line":102,"column":5}},"34":{"start":{"line":104,"column":4},"end":{"line":197,"column":6}},"35":{"start":{"line":201,"column":0},"end":{"line":223,"column":2}}},"fnMap":{"0":{"name":"(anonymous_0)","decl":{"start":{"line":15,"column":2},"end":{"line":15,"column":3}},"loc":{"start":{"line":15,"column":22},"end":{"line":26,"column":3}},"line":15},"1":{"name":"(anonymous_1)","decl":{"start":{"line":28,"column":2},"end":{"line":28,"column":3}},"loc":{"start":{"line":28,"column":29},"end":{"line":33,"column":3}},"line":28},"2":{"name":"(anonymous_2)","decl":{"start":{"line":35,"column":2},"end":{"line":35,"column":3}},"loc":{"start":{"line":35,"column":23},"end":{"line":46,"column":3}},"line":35},"3":{"name":"(anonymous_3)","decl":{"start":{"line":48,"column":2},"end":{"line":48,"column":3}},"loc":{"start":{"line":48,"column":18},"end":{"line":59,"column":3}},"line":48},"4":{"name":"(anonymous_4)","decl":{"start":{"line":61,"column":2},"end":{"line":61,"column":3}},"loc":{"start":{"line":61,"column":17},"end":{"line":64,"column":3}},"line":61},"5":{"name":"(anonymous_5)","decl":{"start":{"line":66,"column":2},"end":{"line":66,"column":3}},"loc":{"start":{"line":66,"column":31},"end":{"line":76,"column":3}},"line":66},"6":{"name":"(anonymous_6)","decl":{"start":{"line":78,"column":2},"end":{"line":78,"column":3}},"loc":{"start":{"line":78,"column":25},"end":{"line":89,"column":3}},"line":78},"7":{"name":"(anonymous_7)","decl":{"start":{"line":91,"column":2},"end":{"line":91,"column":3}},"loc":{"start":{"line":91,"column":37},"end":{"line":93,"column":3}},"line":91},"8":{"name":"(anonymous_8)","decl":{"start":{"line":95,"column":2},"end":{"line":95,"column":3}},"loc":{"start":{"line":95,"column":12},"end":{"line":198,"column":3}},"line":95}},"branchMap":{"0":{"loc":{"start":{"line":30,"column":4},"end":{"line":32,"column":5}},"type":"if","locations":[{"start":{"line":30,"column":4},"end":{"line":32,"column":5}},{"start":{"line":30,"column":4},"end":{"line":32,"column":5}}],"line":30},"1":{"loc":{"start":{"line":30,"column":10},"end":{"line":30,"column":41}},"type":"binary-expr","locations":[{"start":{"line":30,"column":10},"end":{"line":30,"column":25}},{"start":{"line":30,"column":29},"end":{"line":30,"column":41}}],"line":30},"2":{"loc":{"start":{"line":39,"column":6},"end":{"line":42,"column":7}},"type":"if","locations":[{"start":{"line":39,"column":6},"end":{"line":42,"column":7}},{"start":{"line":39,"column":6},"end":{"line":42,"column":7}}],"line":39},"3":{"loc":{"start":{"line":81,"column":4},"end":{"line":88,"column":5}},"type":"if","locations":[{"start":{"line":81,"column":4},"end":{"line":88,"column":5}},{"start":{"line":81,"column":4},"end":{"line":88,"column":5}}],"line":81}},"s":{"0":1,"1":1,"2":1,"3":1,"4":1,"5":1,"6":1,"7":1,"8":1,"9":1,"10":0,"11":0,"12":0,"13":0,"14":0,"15":0,"16":0,"17":0,"18":0,"19":0,"20":0,"21":0,"22":0,"23":0,"24":0,"25":0,"26":0,"27":0,"28":0,"29":0,"30":0,"31":1,"32":1,"33":1,"34":1,"35":1},"f":{"0":1,"1":1,"2":0,"3":0,"4":0,"5":0,"6":0,"7":0,"8":1},"b":{"0":[0,1],"1":[1,1],"2":[0,0],"3":[0,0]},"_coverageSchema":"1a1c01bbd47fc00a2c39e90264f33305004495a9","hash":"ccd85a144105d013829b7fc81e942a6a400902bd"}
,"D:\\OneDrive\\frontend\\packages\\flatstack\\src\\components\\header\\index.js": {"path":"D:\\OneDrive\\frontend\\packages\\flatstack\\src\\components\\header\\index.js","statementMap":{"0":{"start":{"line":12,"column":4},"end":{"line":12,"column":43}},"1":{"start":{"line":16,"column":47},"end":{"line":16,"column":57}},"2":{"start":{"line":18,"column":4},"end":{"line":19,"column":51}},"3":{"start":{"line":19,"column":39},"end":{"line":19,"column":51}},"4":{"start":{"line":20,"column":4},"end":{"line":26,"column":6}},"5":{"start":{"line":30,"column":4},"end":{"line":52,"column":6}},"6":{"start":{"line":56,"column":0},"end":{"line":59,"column":2}}},"fnMap":{"0":{"name":"(anonymous_0)","decl":{"start":{"line":11,"column":2},"end":{"line":11,"column":3}},"loc":{"start":{"line":11,"column":36},"end":{"line":13,"column":3}},"line":11},"1":{"name":"(anonymous_1)","decl":{"start":{"line":15,"column":2},"end":{"line":15,"column":3}},"loc":{"start":{"line":15,"column":21},"end":{"line":27,"column":3}},"line":15},"2":{"name":"(anonymous_2)","decl":{"start":{"line":29,"column":2},"end":{"line":29,"column":3}},"loc":{"start":{"line":29,"column":12},"end":{"line":53,"column":3}},"line":29}},"branchMap":{"0":{"loc":{"start":{"line":18,"column":4},"end":{"line":19,"column":51}},"type":"if","locations":[{"start":{"line":18,"column":4},"end":{"line":19,"column":51}},{"start":{"line":18,"column":4},"end":{"line":19,"column":51}}],"line":18},"1":{"loc":{"start":{"line":18,"column":8},"end":{"line":19,"column":37}},"type":"binary-expr","locations":[{"start":{"line":18,"column":8},"end":{"line":18,"column":25}},{"start":{"line":19,"column":6},"end":{"line":19,"column":37}}],"line":18}},"s":{"0":0,"1":2,"2":2,"3":1,"4":1,"5":2,"6":1},"f":{"0":0,"1":2,"2":2},"b":{"0":[1,1],"1":[2,2]},"_coverageSchema":"1a1c01bbd47fc00a2c39e90264f33305004495a9","hash":"b941c1e8fbaec78486f65b33cb4dc190a112ead9"}
,"D:\\OneDrive\\frontend\\packages\\flatstack\\src\\components\\order-error-message\\index.js": {"path":"D:\\OneDrive\\frontend\\packages\\flatstack\\src\\components\\order-error-message\\index.js","statementMap":{"0":{"start":{"line":7,"column":4},"end":{"line":7,"column":17}},"1":{"start":{"line":8,"column":4},"end":{"line":8,"column":39}},"2":{"start":{"line":12,"column":4},"end":{"line":12,"column":26}},"3":{"start":{"line":16,"column":25},"end":{"line":16,"column":47}},"4":{"start":{"line":17,"column":4},"end":{"line":20,"column":5}},"5":{"start":{"line":19,"column":6},"end":{"line":19,"column":45}},"6":{"start":{"line":24,"column":22},"end":{"line":24,"column":32}},"7":{"start":{"line":26,"column":4},"end":{"line":30,"column":6}},"8":{"start":{"line":34,"column":0},"end":{"line":36,"column":2}}},"fnMap":{"0":{"name":"(anonymous_0)","decl":{"start":{"line":6,"column":2},"end":{"line":6,"column":3}},"loc":{"start":{"line":6,"column":22},"end":{"line":9,"column":3}},"line":6},"1":{"name":"(anonymous_1)","decl":{"start":{"line":11,"column":2},"end":{"line":11,"column":3}},"loc":{"start":{"line":11,"column":23},"end":{"line":13,"column":3}},"line":11},"2":{"name":"(anonymous_2)","decl":{"start":{"line":15,"column":2},"end":{"line":15,"column":3}},"loc":{"start":{"line":15,"column":20},"end":{"line":21,"column":3}},"line":15},"3":{"name":"(anonymous_3)","decl":{"start":{"line":23,"column":2},"end":{"line":23,"column":3}},"loc":{"start":{"line":23,"column":12},"end":{"line":31,"column":3}},"line":23}},"branchMap":{"0":{"loc":{"start":{"line":17,"column":4},"end":{"line":20,"column":5}},"type":"if","locations":[{"start":{"line":17,"column":4},"end":{"line":20,"column":5}},{"start":{"line":17,"column":4},"end":{"line":20,"column":5}}],"line":17}},"s":{"0":0,"1":0,"2":0,"3":0,"4":0,"5":0,"6":0,"7":0,"8":3},"f":{"0":0,"1":0,"2":0,"3":0},"b":{"0":[0,0]},"_coverageSchema":"1a1c01bbd47fc00a2c39e90264f33305004495a9","hash":"3cf9f25977d99f83495879497aef287b4972c234"}
,"D:\\OneDrive\\frontend\\packages\\flatstack\\src\\components\\order-input\\index.js": {"path":"D:\\OneDrive\\frontend\\packages\\flatstack\\src\\components\\order-input\\index.js","statementMap":{"0":{"start":{"line":11,"column":4},"end":{"line":11,"column":17}},"1":{"start":{"line":12,"column":4},"end":{"line":14,"column":6}},"2":{"start":{"line":15,"column":4},"end":{"line":15,"column":51}},"3":{"start":{"line":16,"column":4},"end":{"line":16,"column":49}},"4":{"start":{"line":20,"column":4},"end":{"line":21,"column":38}},"5":{"start":{"line":25,"column":4},"end":{"line":27,"column":7}},"6":{"start":{"line":31,"column":4},"end":{"line":33,"column":7}},"7":{"start":{"line":47,"column":8},"end":{"line":47,"column":18}},"8":{"start":{"line":48,"column":39},"end":{"line":48,"column":49}},"9":{"start":{"line":49,"column":18},"end":{"line":49,"column":30}},"10":{"start":{"line":50,"column":32},"end":{"line":50,"column":63}},"11":{"start":{"line":51,"column":22},"end":{"line":51,"column":65}},"12":{"start":{"line":52,"column":23},"end":{"line":55,"column":5}},"13":{"start":{"line":57,"column":4},"end":{"line":81,"column":6}},"14":{"start":{"line":85,"column":0},"end":{"line":90,"column":2}},"15":{"start":{"line":92,"column":0},"end":{"line":104,"column":2}}},"fnMap":{"0":{"name":"(anonymous_0)","decl":{"start":{"line":10,"column":2},"end":{"line":10,"column":3}},"loc":{"start":{"line":10,"column":22},"end":{"line":17,"column":3}},"line":10},"1":{"name":"(anonymous_1)","decl":{"start":{"line":19,"column":2},"end":{"line":19,"column":3}},"loc":{"start":{"line":19,"column":47},"end":{"line":22,"column":3}},"line":19},"2":{"name":"(anonymous_2)","decl":{"start":{"line":24,"column":2},"end":{"line":24,"column":3}},"loc":{"start":{"line":24,"column":17},"end":{"line":28,"column":3}},"line":24},"3":{"name":"(anonymous_3)","decl":{"start":{"line":30,"column":2},"end":{"line":30,"column":3}},"loc":{"start":{"line":30,"column":16},"end":{"line":34,"column":3}},"line":30},"4":{"name":"(anonymous_4)","decl":{"start":{"line":36,"column":2},"end":{"line":36,"column":3}},"loc":{"start":{"line":36,"column":12},"end":{"line":82,"column":3}},"line":36}},"branchMap":{"0":{"loc":{"start":{"line":20,"column":32},"end":{"line":21,"column":36}},"type":"binary-expr","locations":[{"start":{"line":20,"column":32},"end":{"line":20,"column":41}},{"start":{"line":21,"column":6},"end":{"line":21,"column":36}}],"line":20},"1":{"loc":{"start":{"line":51,"column":22},"end":{"line":51,"column":65}},"type":"binary-expr","locations":[{"start":{"line":51,"column":22},"end":{"line":51,"column":42}},{"start":{"line":51,"column":46},"end":{"line":51,"column":65}}],"line":51},"2":{"loc":{"start":{"line":54,"column":22},"end":{"line":54,"column":47}},"type":"binary-expr","locations":[{"start":{"line":54,"column":22},"end":{"line":54,"column":27}},{"start":{"line":54,"column":31},"end":{"line":54,"column":47}}],"line":54},"3":{"loc":{"start":{"line":60,"column":10},"end":{"line":61,"column":45}},"type":"binary-expr","locations":[{"start":{"line":60,"column":10},"end":{"line":60,"column":15}},{"start":{"line":60,"column":19},"end":{"line":60,"column":35}},{"start":{"line":60,"column":39},"end":{"line":60,"column":61}},{"start":{"line":61,"column":10},"end":{"line":61,"column":45}}],"line":60}},"s":{"0":0,"1":0,"2":0,"3":0,"4":0,"5":0,"6":0,"7":0,"8":0,"9":0,"10":0,"11":0,"12":0,"13":0,"14":3,"15":3},"f":{"0":0,"1":0,"2":0,"3":0,"4":0},"b":{"0":[0,0],"1":[0,0],"2":[0,0],"3":[0,0,0,0]},"_coverageSchema":"1a1c01bbd47fc00a2c39e90264f33305004495a9","hash":"93ccb4ba0a1c35abec4e7bb11dab9d4933f60095"}
,"D:\\OneDrive\\frontend\\packages\\flatstack\\src\\components\\order-select\\index.js": {"path":"D:\\OneDrive\\frontend\\packages\\flatstack\\src\\components\\order-select\\index.js","statementMap":{"0":{"start":{"line":13,"column":4},"end":{"line":13,"column":17}},"1":{"start":{"line":14,"column":4},"end":{"line":17,"column":6}},"2":{"start":{"line":19,"column":4},"end":{"line":19,"column":40}},"3":{"start":{"line":20,"column":4},"end":{"line":20,"column":41}},"4":{"start":{"line":21,"column":4},"end":{"line":21,"column":44}},"5":{"start":{"line":23,"column":4},"end":{"line":23,"column":45}},"6":{"start":{"line":24,"column":4},"end":{"line":24,"column":49}},"7":{"start":{"line":25,"column":4},"end":{"line":25,"column":51}},"8":{"start":{"line":26,"column":4},"end":{"line":26,"column":53}},"9":{"start":{"line":27,"column":4},"end":{"line":27,"column":45}},"10":{"start":{"line":28,"column":4},"end":{"line":28,"column":73}},"11":{"start":{"line":29,"column":4},"end":{"line":29,"column":55}},"12":{"start":{"line":30,"column":4},"end":{"line":30,"column":61}},"13":{"start":{"line":31,"column":4},"end":{"line":31,"column":65}},"14":{"start":{"line":35,"column":4},"end":{"line":36,"column":38}},"15":{"start":{"line":40,"column":4},"end":{"line":40,"column":36}},"16":{"start":{"line":44,"column":4},"end":{"line":44,"column":35}},"17":{"start":{"line":48,"column":4},"end":{"line":52,"column":5}},"18":{"start":{"line":49,"column":6},"end":{"line":51,"column":9}},"19":{"start":{"line":56,"column":4},"end":{"line":56,"column":34}},"20":{"start":{"line":57,"column":4},"end":{"line":61,"column":5}},"21":{"start":{"line":58,"column":6},"end":{"line":60,"column":9}},"22":{"start":{"line":65,"column":28},"end":{"line":65,"column":38}},"23":{"start":{"line":66,"column":4},"end":{"line":66,"column":42}},"24":{"start":{"line":67,"column":4},"end":{"line":67,"column":18}},"25":{"start":{"line":71,"column":24},"end":{"line":71,"column":48}},"26":{"start":{"line":72,"column":27},"end":{"line":72,"column":54}},"27":{"start":{"line":73,"column":4},"end":{"line":76,"column":5}},"28":{"start":{"line":74,"column":6},"end":{"line":75,"column":90}},"29":{"start":{"line":80,"column":24},"end":{"line":80,"column":34}},"30":{"start":{"line":81,"column":4},"end":{"line":81,"column":31}},"31":{"start":{"line":81,"column":16},"end":{"line":81,"column":31}},"32":{"start":{"line":83,"column":19},"end":{"line":83,"column":48}},"33":{"start":{"line":84,"column":4},"end":{"line":85,"column":27}},"34":{"start":{"line":85,"column":6},"end":{"line":85,"column":25}},"35":{"start":{"line":89,"column":28},"end":{"line":89,"column":38}},"36":{"start":{"line":90,"column":4},"end":{"line":90,"column":18}},"37":{"start":{"line":91,"column":4},"end":{"line":93,"column":7}},"38":{"start":{"line":97,"column":32},"end":{"line":97,"column":42}},"39":{"start":{"line":98,"column":4},"end":{"line":101,"column":5}},"40":{"start":{"line":99,"column":6},"end":{"line":99,"column":43}},"41":{"start":{"line":100,"column":6},"end":{"line":100,"column":24}},"42":{"start":{"line":105,"column":4},"end":{"line":136,"column":6}},"43":{"start":{"line":115,"column":26},"end":{"line":118,"column":13}},"44":{"start":{"line":119,"column":32},"end":{"line":121,"column":13}},"45":{"start":{"line":120,"column":14},"end":{"line":120,"column":35}},"46":{"start":{"line":122,"column":24},"end":{"line":122,"column":76}},"47":{"start":{"line":124,"column":12},"end":{"line":132,"column":14}},"48":{"start":{"line":146,"column":8},"end":{"line":146,"column":18}},"49":{"start":{"line":147,"column":40},"end":{"line":147,"column":50}},"50":{"start":{"line":148,"column":18},"end":{"line":148,"column":30}},"51":{"start":{"line":149,"column":32},"end":{"line":149,"column":63}},"52":{"start":{"line":150,"column":27},"end":{"line":153,"column":5}},"53":{"start":{"line":154,"column":32},"end":{"line":157,"column":5}},"54":{"start":{"line":159,"column":4},"end":{"line":194,"column":6}},"55":{"start":{"line":198,"column":0},"end":{"line":206,"column":2}}},"fnMap":{"0":{"name":"(anonymous_0)","decl":{"start":{"line":12,"column":2},"end":{"line":12,"column":3}},"loc":{"start":{"line":12,"column":22},"end":{"line":32,"column":3}},"line":12},"1":{"name":"(anonymous_1)","decl":{"start":{"line":34,"column":2},"end":{"line":34,"column":3}},"loc":{"start":{"line":34,"column":47},"end":{"line":37,"column":3}},"line":34},"2":{"name":"(anonymous_2)","decl":{"start":{"line":39,"column":2},"end":{"line":39,"column":3}},"loc":{"start":{"line":39,"column":14},"end":{"line":41,"column":3}},"line":39},"3":{"name":"(anonymous_3)","decl":{"start":{"line":43,"column":2},"end":{"line":43,"column":3}},"loc":{"start":{"line":43,"column":16},"end":{"line":45,"column":3}},"line":43},"4":{"name":"(anonymous_4)","decl":{"start":{"line":47,"column":2},"end":{"line":47,"column":3}},"loc":{"start":{"line":47,"column":17},"end":{"line":53,"column":3}},"line":47},"5":{"name":"(anonymous_5)","decl":{"start":{"line":55,"column":2},"end":{"line":55,"column":3}},"loc":{"start":{"line":55,"column":18},"end":{"line":62,"column":3}},"line":55},"6":{"name":"(anonymous_6)","decl":{"start":{"line":64,"column":2},"end":{"line":64,"column":3}},"loc":{"start":{"line":64,"column":19},"end":{"line":68,"column":3}},"line":64},"7":{"name":"(anonymous_7)","decl":{"start":{"line":70,"column":2},"end":{"line":70,"column":3}},"loc":{"start":{"line":70,"column":28},"end":{"line":77,"column":3}},"line":70},"8":{"name":"(anonymous_8)","decl":{"start":{"line":79,"column":2},"end":{"line":79,"column":3}},"loc":{"start":{"line":79,"column":24},"end":{"line":86,"column":3}},"line":79},"9":{"name":"(anonymous_9)","decl":{"start":{"line":84,"column":26},"end":{"line":84,"column":27}},"loc":{"start":{"line":85,"column":6},"end":{"line":85,"column":25}},"line":85},"10":{"name":"(anonymous_10)","decl":{"start":{"line":88,"column":2},"end":{"line":88,"column":3}},"loc":{"start":{"line":88,"column":22},"end":{"line":94,"column":3}},"line":88},"11":{"name":"(anonymous_11)","decl":{"start":{"line":96,"column":2},"end":{"line":96,"column":3}},"loc":{"start":{"line":96,"column":29},"end":{"line":102,"column":3}},"line":96},"12":{"name":"(anonymous_12)","decl":{"start":{"line":104,"column":2},"end":{"line":104,"column":3}},"loc":{"start":{"line":104,"column":41},"end":{"line":137,"column":3}},"line":104},"13":{"name":"(anonymous_13)","decl":{"start":{"line":114,"column":22},"end":{"line":114,"column":23}},"loc":{"start":{"line":114,"column":42},"end":{"line":133,"column":11}},"line":114},"14":{"name":"(anonymous_14)","decl":{"start":{"line":119,"column":32},"end":{"line":119,"column":33}},"loc":{"start":{"line":119,"column":38},"end":{"line":121,"column":13}},"line":119},"15":{"name":"(anonymous_15)","decl":{"start":{"line":139,"column":2},"end":{"line":139,"column":3}},"loc":{"start":{"line":139,"column":12},"end":{"line":195,"column":3}},"line":139}},"branchMap":{"0":{"loc":{"start":{"line":35,"column":13},"end":{"line":36,"column":36}},"type":"binary-expr","locations":[{"start":{"line":35,"column":13},"end":{"line":35,"column":43}},{"start":{"line":36,"column":6},"end":{"line":36,"column":36}}],"line":35},"1":{"loc":{"start":{"line":48,"column":4},"end":{"line":52,"column":5}},"type":"if","locations":[{"start":{"line":48,"column":4},"end":{"line":52,"column":5}},{"start":{"line":48,"column":4},"end":{"line":52,"column":5}}],"line":48},"2":{"loc":{"start":{"line":57,"column":4},"end":{"line":61,"column":5}},"type":"if","locations":[{"start":{"line":57,"column":4},"end":{"line":61,"column":5}},{"start":{"line":57,"column":4},"end":{"line":61,"column":5}}],"line":57},"3":{"loc":{"start":{"line":73,"column":4},"end":{"line":76,"column":5}},"type":"if","locations":[{"start":{"line":73,"column":4},"end":{"line":76,"column":5}},{"start":{"line":73,"column":4},"end":{"line":76,"column":5}}],"line":73},"4":{"loc":{"start":{"line":81,"column":4},"end":{"line":81,"column":31}},"type":"if","locations":[{"start":{"line":81,"column":4},"end":{"line":81,"column":31}},{"start":{"line":81,"column":4},"end":{"line":81,"column":31}}],"line":81},"5":{"loc":{"start":{"line":98,"column":4},"end":{"line":101,"column":5}},"type":"if","locations":[{"start":{"line":98,"column":4},"end":{"line":101,"column":5}},{"start":{"line":98,"column":4},"end":{"line":101,"column":5}}],"line":98},"6":{"loc":{"start":{"line":98,"column":8},"end":{"line":98,"column":61}},"type":"binary-expr","locations":[{"start":{"line":98,"column":8},"end":{"line":98,"column":29}},{"start":{"line":98,"column":33},"end":{"line":98,"column":61}}],"line":98},"7":{"loc":{"start":{"line":108,"column":10},"end":{"line":111,"column":15}},"type":"binary-expr","locations":[{"start":{"line":108,"column":10},"end":{"line":108,"column":30}},{"start":{"line":109,"column":10},"end":{"line":111,"column":15}}],"line":108},"8":{"loc":{"start":{"line":117,"column":31},"end":{"line":117,"column":97}},"type":"binary-expr","locations":[{"start":{"line":117,"column":31},"end":{"line":117,"column":54}},{"start":{"line":117,"column":58},"end":{"line":117,"column":97}}],"line":117},"9":{"loc":{"start":{"line":122,"column":24},"end":{"line":122,"column":76}},"type":"cond-expr","locations":[{"start":{"line":122,"column":50},"end":{"line":122,"column":69}},{"start":{"line":122,"column":72},"end":{"line":122,"column":76}}],"line":122},"10":{"loc":{"start":{"line":156,"column":22},"end":{"line":156,"column":58}},"type":"binary-expr","locations":[{"start":{"line":156,"column":22},"end":{"line":156,"column":27}},{"start":{"line":156,"column":31},"end":{"line":156,"column":47}},{"start":{"line":156,"column":51},"end":{"line":156,"column":58}}],"line":156},"11":{"loc":{"start":{"line":162,"column":10},"end":{"line":163,"column":45}},"type":"binary-expr","locations":[{"start":{"line":162,"column":10},"end":{"line":162,"column":15}},{"start":{"line":162,"column":19},"end":{"line":162,"column":35}},{"start":{"line":162,"column":39},"end":{"line":162,"column":58}},{"start":{"line":162,"column":62},"end":{"line":162,"column":69}},{"start":{"line":163,"column":10},"end":{"line":163,"column":45}}],"line":162}},"s":{"0":0,"1":0,"2":0,"3":0,"4":0,"5":0,"6":0,"7":0,"8":0,"9":0,"10":0,"11":0,"12":0,"13":0,"14":0,"15":0,"16":0,"17":0,"18":0,"19":0,"20":0,"21":0,"22":0,"23":0,"24":0,"25":0,"26":0,"27":0,"28":0,"29":0,"30":0,"31":0,"32":0,"33":0,"34":0,"35":0,"36":0,"37":0,"38":0,"39":0,"40":0,"41":0,"42":0,"43":0,"44":0,"45":0,"46":0,"47":0,"48":0,"49":0,"50":0,"51":0,"52":0,"53":0,"54":0,"55":2},"f":{"0":0,"1":0,"2":0,"3":0,"4":0,"5":0,"6":0,"7":0,"8":0,"9":0,"10":0,"11":0,"12":0,"13":0,"14":0,"15":0},"b":{"0":[0,0],"1":[0,0],"2":[0,0],"3":[0,0],"4":[0,0],"5":[0,0],"6":[0,0],"7":[0,0],"8":[0,0],"9":[0,0],"10":[0,0,0],"11":[0,0,0,0,0]},"_coverageSchema":"1a1c01bbd47fc00a2c39e90264f33305004495a9","hash":"f80964a1a34a247290c5d9c14cc0fc1907f75d43"}
,"D:\\OneDrive\\frontend\\packages\\flatstack\\src\\components\\order-summary\\index.js": {"path":"D:\\OneDrive\\frontend\\packages\\flatstack\\src\\components\\order-summary\\index.js","statementMap":{"0":{"start":{"line":6,"column":21},"end":{"line":51,"column":1}},"1":{"start":{"line":7,"column":19},"end":{"line":7,"column":82}},"2":{"start":{"line":7,"column":59},"end":{"line":7,"column":78}},"3":{"start":{"line":8,"column":16},"end":{"line":8,"column":84}},"4":{"start":{"line":8,"column":51},"end":{"line":8,"column":62}},"5":{"start":{"line":9,"column":16},"end":{"line":9,"column":32}},"6":{"start":{"line":11,"column":2},"end":{"line":50,"column":4}},"7":{"start":{"line":24,"column":12},"end":{"line":24,"column":58}},"8":{"start":{"line":53,"column":0},"end":{"line":55,"column":2}}},"fnMap":{"0":{"name":"(anonymous_0)","decl":{"start":{"line":6,"column":21},"end":{"line":6,"column":22}},"loc":{"start":{"line":6,"column":36},"end":{"line":51,"column":1}},"line":6},"1":{"name":"(anonymous_1)","decl":{"start":{"line":7,"column":32},"end":{"line":7,"column":33}},"loc":{"start":{"line":7,"column":59},"end":{"line":7,"column":78}},"line":7},"2":{"name":"(anonymous_2)","decl":{"start":{"line":8,"column":31},"end":{"line":8,"column":32}},"loc":{"start":{"line":8,"column":51},"end":{"line":8,"column":62}},"line":8},"3":{"name":"(anonymous_3)","decl":{"start":{"line":23,"column":20},"end":{"line":23,"column":21}},"loc":{"start":{"line":24,"column":12},"end":{"line":24,"column":58}},"line":24}},"branchMap":{},"s":{"0":1,"1":1,"2":3,"3":1,"4":3,"5":1,"6":1,"7":3,"8":1},"f":{"0":1,"1":3,"2":3,"3":3},"b":{},"_coverageSchema":"1a1c01bbd47fc00a2c39e90264f33305004495a9","hash":"1d28c1d34ade91b7fb264dbc8998423c2a83210a"}
,"D:\\OneDrive\\frontend\\packages\\flatstack\\src\\components\\order-summary-item\\index.js": {"path":"D:\\OneDrive\\frontend\\packages\\flatstack\\src\\components\\order-summary-item\\index.js","statementMap":{"0":{"start":{"line":7,"column":21},"end":{"line":7,"column":31}},"1":{"start":{"line":8,"column":31},"end":{"line":8,"column":40}},"2":{"start":{"line":9,"column":4},"end":{"line":9,"column":35}},"3":{"start":{"line":13,"column":21},"end":{"line":13,"column":31}},"4":{"start":{"line":14,"column":56},"end":{"line":14,"column":60}},"5":{"start":{"line":16,"column":4},"end":{"line":40,"column":6}},"6":{"start":{"line":44,"column":0},"end":{"line":53,"column":2}}},"fnMap":{"0":{"name":"(anonymous_0)","decl":{"start":{"line":6,"column":2},"end":{"line":6,"column":3}},"loc":{"start":{"line":6,"column":36},"end":{"line":10,"column":3}},"line":6},"1":{"name":"(anonymous_1)","decl":{"start":{"line":12,"column":2},"end":{"line":12,"column":3}},"loc":{"start":{"line":12,"column":12},"end":{"line":41,"column":3}},"line":12}},"branchMap":{},"s":{"0":0,"1":0,"2":0,"3":3,"4":3,"5":3,"6":1},"f":{"0":0,"1":3},"b":{},"_coverageSchema":"1a1c01bbd47fc00a2c39e90264f33305004495a9","hash":"3347279188cd623528a846a1f80bf588f62f1d51"}
,"D:\\OneDrive\\frontend\\packages\\flatstack\\src\\components\\payment\\index.js": {"path":"D:\\OneDrive\\frontend\\packages\\flatstack\\src\\components\\payment\\index.js","statementMap":{"0":{"start":{"line":25,"column":4},"end":{"line":25,"column":17}},"1":{"start":{"line":26,"column":4},"end":{"line":29,"column":6}},"2":{"start":{"line":30,"column":4},"end":{"line":30,"column":51}},"3":{"start":{"line":31,"column":4},"end":{"line":31,"column":67}},"4":{"start":{"line":35,"column":25},"end":{"line":35,"column":35}},"5":{"start":{"line":36,"column":17},"end":{"line":36,"column":39}},"6":{"start":{"line":37,"column":4},"end":{"line":45,"column":27}},"7":{"start":{"line":49,"column":30},"end":{"line":49,"column":40}},"8":{"start":{"line":50,"column":26},"end":{"line":50,"column":45}},"9":{"start":{"line":51,"column":4},"end":{"line":51,"column":33}},"10":{"start":{"line":52,"column":4},"end":{"line":54,"column":7}},"11":{"start":{"line":58,"column":45},"end":{"line":58,"column":55}},"12":{"start":{"line":59,"column":26},"end":{"line":59,"column":45}},"13":{"start":{"line":60,"column":4},"end":{"line":67,"column":5}},"14":{"start":{"line":61,"column":6},"end":{"line":61,"column":36}},"15":{"start":{"line":63,"column":6},"end":{"line":63,"column":35}},"16":{"start":{"line":64,"column":6},"end":{"line":66,"column":9}},"17":{"start":{"line":71,"column":24},"end":{"line":71,"column":34}},"18":{"start":{"line":72,"column":43},"end":{"line":72,"column":53}},"19":{"start":{"line":75,"column":6},"end":{"line":75,"column":98}},"20":{"start":{"line":76,"column":29},"end":{"line":76,"column":66}},"21":{"start":{"line":79,"column":4},"end":{"line":104,"column":5}},"22":{"start":{"line":81,"column":8},"end":{"line":81,"column":24}},"23":{"start":{"line":82,"column":8},"end":{"line":82,"column":14}},"24":{"start":{"line":84,"column":8},"end":{"line":84,"column":30}},"25":{"start":{"line":85,"column":8},"end":{"line":85,"column":14}},"26":{"start":{"line":87,"column":8},"end":{"line":87,"column":27}},"27":{"start":{"line":88,"column":8},"end":{"line":88,"column":14}},"28":{"start":{"line":90,"column":8},"end":{"line":90,"column":35}},"29":{"start":{"line":91,"column":8},"end":{"line":91,"column":14}},"30":{"start":{"line":93,"column":8},"end":{"line":93,"column":30}},"31":{"start":{"line":94,"column":8},"end":{"line":94,"column":14}},"32":{"start":{"line":96,"column":8},"end":{"line":96,"column":28}},"33":{"start":{"line":97,"column":8},"end":{"line":97,"column":14}},"34":{"start":{"line":99,"column":8},"end":{"line":99,"column":23}},"35":{"start":{"line":100,"column":8},"end":{"line":100,"column":14}},"36":{"start":{"line":102,"column":8},"end":{"line":102,"column":23}},"37":{"start":{"line":103,"column":8},"end":{"line":103,"column":14}},"38":{"start":{"line":106,"column":4},"end":{"line":188,"column":6}},"39":{"start":{"line":192,"column":0},"end":{"line":202,"column":2}}},"fnMap":{"0":{"name":"(anonymous_0)","decl":{"start":{"line":24,"column":2},"end":{"line":24,"column":3}},"loc":{"start":{"line":24,"column":22},"end":{"line":32,"column":3}},"line":24},"1":{"name":"(anonymous_1)","decl":{"start":{"line":34,"column":2},"end":{"line":34,"column":3}},"loc":{"start":{"line":34,"column":18},"end":{"line":46,"column":3}},"line":34},"2":{"name":"(anonymous_2)","decl":{"start":{"line":48,"column":2},"end":{"line":48,"column":3}},"loc":{"start":{"line":48,"column":17},"end":{"line":55,"column":3}},"line":48},"3":{"name":"(anonymous_3)","decl":{"start":{"line":57,"column":2},"end":{"line":57,"column":3}},"loc":{"start":{"line":57,"column":25},"end":{"line":68,"column":3}},"line":57},"4":{"name":"(anonymous_4)","decl":{"start":{"line":70,"column":2},"end":{"line":70,"column":3}},"loc":{"start":{"line":70,"column":12},"end":{"line":189,"column":3}},"line":70}},"branchMap":{"0":{"loc":{"start":{"line":60,"column":4},"end":{"line":67,"column":5}},"type":"if","locations":[{"start":{"line":60,"column":4},"end":{"line":67,"column":5}},{"start":{"line":60,"column":4},"end":{"line":67,"column":5}}],"line":60},"1":{"loc":{"start":{"line":79,"column":4},"end":{"line":104,"column":5}},"type":"switch","locations":[{"start":{"line":80,"column":6},"end":{"line":82,"column":14}},{"start":{"line":83,"column":6},"end":{"line":85,"column":14}},{"start":{"line":86,"column":6},"end":{"line":88,"column":14}},{"start":{"line":89,"column":6},"end":{"line":91,"column":14}},{"start":{"line":92,"column":6},"end":{"line":94,"column":14}},{"start":{"line":95,"column":6},"end":{"line":97,"column":14}},{"start":{"line":98,"column":6},"end":{"line":100,"column":14}},{"start":{"line":101,"column":6},"end":{"line":103,"column":14}}],"line":79}},"s":{"0":1,"1":1,"2":1,"3":1,"4":0,"5":0,"6":0,"7":0,"8":0,"9":0,"10":0,"11":0,"12":0,"13":0,"14":0,"15":0,"16":0,"17":1,"18":1,"19":1,"20":1,"21":1,"22":1,"23":1,"24":0,"25":0,"26":0,"27":0,"28":0,"29":0,"30":0,"31":0,"32":0,"33":0,"34":0,"35":0,"36":0,"37":0,"38":1,"39":1},"f":{"0":1,"1":0,"2":0,"3":0,"4":1},"b":{"0":[0,0],"1":[1,0,0,0,0,0,0,0]},"_coverageSchema":"1a1c01bbd47fc00a2c39e90264f33305004495a9","hash":"53f7fb7ff7324cb4c057b3c97b93629bbed2bc17"}
,"D:\\OneDrive\\frontend\\packages\\flatstack\\src\\components\\shipping\\index.js": {"path":"D:\\OneDrive\\frontend\\packages\\flatstack\\src\\components\\shipping\\index.js","statementMap":{"0":{"start":{"line":16,"column":4},"end":{"line":16,"column":17}},"1":{"start":{"line":17,"column":4},"end":{"line":20,"column":6}},"2":{"start":{"line":21,"column":4},"end":{"line":21,"column":35}},"3":{"start":{"line":22,"column":4},"end":{"line":22,"column":51}},"4":{"start":{"line":23,"column":4},"end":{"line":23,"column":51}},"5":{"start":{"line":24,"column":4},"end":{"line":24,"column":67}},"6":{"start":{"line":25,"column":4},"end":{"line":25,"column":79}},"7":{"start":{"line":29,"column":25},"end":{"line":29,"column":35}},"8":{"start":{"line":30,"column":4},"end":{"line":32,"column":5}},"9":{"start":{"line":31,"column":6},"end":{"line":31,"column":25}},"10":{"start":{"line":36,"column":52},"end":{"line":36,"column":62}},"11":{"start":{"line":37,"column":4},"end":{"line":45,"column":5}},"12":{"start":{"line":38,"column":23},"end":{"line":38,"column":48}},"13":{"start":{"line":39,"column":6},"end":{"line":42,"column":7}},"14":{"start":{"line":40,"column":8},"end":{"line":40,"column":38}},"15":{"start":{"line":41,"column":8},"end":{"line":41,"column":44}},"16":{"start":{"line":44,"column":6},"end":{"line":44,"column":25}},"17":{"start":{"line":49,"column":17},"end":{"line":49,"column":40}},"18":{"start":{"line":50,"column":4},"end":{"line":58,"column":7}},"19":{"start":{"line":62,"column":31},"end":{"line":62,"column":41}},"20":{"start":{"line":63,"column":4},"end":{"line":63,"column":40}},"21":{"start":{"line":67,"column":46},"end":{"line":67,"column":56}},"22":{"start":{"line":68,"column":26},"end":{"line":68,"column":45}},"23":{"start":{"line":69,"column":4},"end":{"line":76,"column":5}},"24":{"start":{"line":70,"column":6},"end":{"line":70,"column":36}},"25":{"start":{"line":72,"column":6},"end":{"line":72,"column":36}},"26":{"start":{"line":73,"column":6},"end":{"line":75,"column":9}},"27":{"start":{"line":80,"column":4},"end":{"line":80,"column":23}},"28":{"start":{"line":84,"column":25},"end":{"line":84,"column":35}},"29":{"start":{"line":85,"column":33},"end":{"line":85,"column":43}},"30":{"start":{"line":86,"column":30},"end":{"line":90,"column":5}},"31":{"start":{"line":92,"column":4},"end":{"line":183,"column":6}},"32":{"start":{"line":187,"column":0},"end":{"line":201,"column":2}}},"fnMap":{"0":{"name":"(anonymous_0)","decl":{"start":{"line":15,"column":2},"end":{"line":15,"column":3}},"loc":{"start":{"line":15,"column":22},"end":{"line":26,"column":3}},"line":15},"1":{"name":"(anonymous_1)","decl":{"start":{"line":28,"column":2},"end":{"line":28,"column":3}},"loc":{"start":{"line":28,"column":29},"end":{"line":33,"column":3}},"line":28},"2":{"name":"(anonymous_2)","decl":{"start":{"line":35,"column":2},"end":{"line":35,"column":3}},"loc":{"start":{"line":35,"column":23},"end":{"line":46,"column":3}},"line":35},"3":{"name":"(anonymous_3)","decl":{"start":{"line":48,"column":2},"end":{"line":48,"column":3}},"loc":{"start":{"line":48,"column":18},"end":{"line":59,"column":3}},"line":48},"4":{"name":"(anonymous_4)","decl":{"start":{"line":61,"column":2},"end":{"line":61,"column":3}},"loc":{"start":{"line":61,"column":17},"end":{"line":64,"column":3}},"line":61},"5":{"name":"(anonymous_5)","decl":{"start":{"line":66,"column":2},"end":{"line":66,"column":3}},"loc":{"start":{"line":66,"column":25},"end":{"line":77,"column":3}},"line":66},"6":{"name":"(anonymous_6)","decl":{"start":{"line":79,"column":2},"end":{"line":79,"column":3}},"loc":{"start":{"line":79,"column":37},"end":{"line":81,"column":3}},"line":79},"7":{"name":"(anonymous_7)","decl":{"start":{"line":83,"column":2},"end":{"line":83,"column":3}},"loc":{"start":{"line":83,"column":12},"end":{"line":184,"column":3}},"line":83}},"branchMap":{"0":{"loc":{"start":{"line":30,"column":4},"end":{"line":32,"column":5}},"type":"if","locations":[{"start":{"line":30,"column":4},"end":{"line":32,"column":5}},{"start":{"line":30,"column":4},"end":{"line":32,"column":5}}],"line":30},"1":{"loc":{"start":{"line":30,"column":10},"end":{"line":30,"column":43}},"type":"binary-expr","locations":[{"start":{"line":30,"column":10},"end":{"line":30,"column":26}},{"start":{"line":30,"column":30},"end":{"line":30,"column":43}}],"line":30},"2":{"loc":{"start":{"line":39,"column":6},"end":{"line":42,"column":7}},"type":"if","locations":[{"start":{"line":39,"column":6},"end":{"line":42,"column":7}},{"start":{"line":39,"column":6},"end":{"line":42,"column":7}}],"line":39},"3":{"loc":{"start":{"line":69,"column":4},"end":{"line":76,"column":5}},"type":"if","locations":[{"start":{"line":69,"column":4},"end":{"line":76,"column":5}},{"start":{"line":69,"column":4},"end":{"line":76,"column":5}}],"line":69}},"s":{"0":1,"1":1,"2":1,"3":1,"4":1,"5":1,"6":1,"7":1,"8":1,"9":0,"10":0,"11":0,"12":0,"13":0,"14":0,"15":0,"16":0,"17":0,"18":0,"19":0,"20":0,"21":0,"22":0,"23":0,"24":0,"25":0,"26":0,"27":0,"28":1,"29":1,"30":1,"31":1,"32":1},"f":{"0":1,"1":1,"2":0,"3":0,"4":0,"5":0,"6":0,"7":1},"b":{"0":[0,1],"1":[1,1],"2":[0,0],"3":[0,0]},"_coverageSchema":"1a1c01bbd47fc00a2c39e90264f33305004495a9","hash":"7f6935a635aa21ad7cb1facc392996005b9535ab"}
,"D:\\OneDrive\\frontend\\packages\\flatstack\\src\\components\\success\\index.js": {"path":"D:\\OneDrive\\frontend\\packages\\flatstack\\src\\components\\success\\index.js","statementMap":{"0":{"start":{"line":7,"column":16},"end":{"line":42,"column":1}},"1":{"start":{"line":8,"column":22},"end":{"line":8,"column":53}},"2":{"start":{"line":9,"column":23},"end":{"line":11,"column":32}},"3":{"start":{"line":13,"column":30},"end":{"line":15,"column":3}},"4":{"start":{"line":14,"column":4},"end":{"line":14,"column":39}},"5":{"start":{"line":17,"column":2},"end":{"line":41,"column":4}},"6":{"start":{"line":44,"column":0},"end":{"line":47,"column":2}}},"fnMap":{"0":{"name":"(anonymous_0)","decl":{"start":{"line":7,"column":16},"end":{"line":7,"column":17}},"loc":{"start":{"line":7,"column":46},"end":{"line":42,"column":1}},"line":7},"1":{"name":"(anonymous_1)","decl":{"start":{"line":13,"column":30},"end":{"line":13,"column":31}},"loc":{"start":{"line":13,"column":36},"end":{"line":15,"column":3}},"line":13}},"branchMap":{},"s":{"0":1,"1":1,"2":1,"3":1,"4":1,"5":1,"6":1},"f":{"0":1,"1":1},"b":{},"_coverageSchema":"1a1c01bbd47fc00a2c39e90264f33305004495a9","hash":"bfe992ad760b042736faafcc4eec7b7aabe2f343"}
,"D:\\OneDrive\\frontend\\packages\\flatstack\\src\\constants\\actionTypes.js": {"path":"D:\\OneDrive\\frontend\\packages\\flatstack\\src\\constants\\actionTypes.js","statementMap":{},"fnMap":{},"branchMap":{},"s":{},"f":{},"b":{},"_coverageSchema":"1a1c01bbd47fc00a2c39e90264f33305004495a9","hash":"9c5d2092b717f678b27dc646d74193253ca3e58c"}
,"D:\\OneDrive\\frontend\\packages\\flatstack\\src\\constants\\errorMessages.js": {"path":"D:\\OneDrive\\frontend\\packages\\flatstack\\src\\constants\\errorMessages.js","statementMap":{},"fnMap":{},"branchMap":{},"s":{},"f":{},"b":{},"_coverageSchema":"1a1c01bbd47fc00a2c39e90264f33305004495a9","hash":"b255db3b27398b1c76aa39113a0125fc18353bd4"}
,"D:\\OneDrive\\frontend\\packages\\flatstack\\src\\constants\\stages.js": {"path":"D:\\OneDrive\\frontend\\packages\\flatstack\\src\\constants\\stages.js","statementMap":{},"fnMap":{},"branchMap":{},"s":{},"f":{},"b":{},"_coverageSchema":"1a1c01bbd47fc00a2c39e90264f33305004495a9","hash":"55283d5ad13abd06d2826a7cd3bb74822fa09d53"}
,"D:\\OneDrive\\frontend\\packages\\flatstack\\src\\reducers\\cartReducer.js": {"path":"D:\\OneDrive\\frontend\\packages\\flatstack\\src\\reducers\\cartReducer.js","statementMap":{"0":{"start":{"line":3,"column":28},"end":{"line":5,"column":1}},"1":{"start":{"line":7,"column":20},"end":{"line":14,"column":1}},"2":{"start":{"line":8,"column":2},"end":{"line":13,"column":3}},"3":{"start":{"line":10,"column":6},"end":{"line":10,"column":39}},"4":{"start":{"line":12,"column":6},"end":{"line":12,"column":19}},"5":{"start":{"line":17,"column":2},"end":{"line":23,"column":4}}},"fnMap":{"0":{"name":"(anonymous_0)","decl":{"start":{"line":7,"column":20},"end":{"line":7,"column":21}},"loc":{"start":{"line":7,"column":65},"end":{"line":14,"column":1}},"line":7},"1":{"name":"addToCart","decl":{"start":{"line":16,"column":9},"end":{"line":16,"column":18}},"loc":{"start":{"line":16,"column":37},"end":{"line":24,"column":1}},"line":16}},"branchMap":{"0":{"loc":{"start":{"line":7,"column":21},"end":{"line":7,"column":41}},"type":"default-arg","locations":[{"start":{"line":7,"column":29},"end":{"line":7,"column":41}}],"line":7},"1":{"loc":{"start":{"line":8,"column":2},"end":{"line":13,"column":3}},"type":"switch","locations":[{"start":{"line":9,"column":4},"end":{"line":10,"column":39}},{"start":{"line":11,"column":4},"end":{"line":12,"column":19}}],"line":8}},"s":{"0":1,"1":1,"2":2,"3":1,"4":1,"5":1},"f":{"0":2,"1":1},"b":{"0":[0],"1":[1,1]},"_coverageSchema":"1a1c01bbd47fc00a2c39e90264f33305004495a9","hash":"057bdaf633fbba57fefb216ab2f3483bd6d6362f"}
,"D:\\OneDrive\\frontend\\packages\\flatstack\\src\\reducers\\orderReducer.js": {"path":"D:\\OneDrive\\frontend\\packages\\flatstack\\src\\reducers\\orderReducer.js","statementMap":{"0":{"start":{"line":4,"column":28},"end":{"line":33,"column":1}},"1":{"start":{"line":35,"column":21},"end":{"line":58,"column":1}},"2":{"start":{"line":36,"column":2},"end":{"line":57,"column":3}},"3":{"start":{"line":38,"column":6},"end":{"line":38,"column":43}},"4":{"start":{"line":41,"column":6},"end":{"line":41,"column":44}},"5":{"start":{"line":44,"column":6},"end":{"line":44,"column":49}},"6":{"start":{"line":47,"column":6},"end":{"line":47,"column":43}},"7":{"start":{"line":50,"column":6},"end":{"line":50,"column":48}},"8":{"start":{"line":53,"column":6},"end":{"line":53,"column":43}},"9":{"start":{"line":56,"column":6},"end":{"line":56,"column":19}},"10":{"start":{"line":61,"column":2},"end":{"line":64,"column":4}},"11":{"start":{"line":68,"column":2},"end":{"line":74,"column":3}},"12":{"start":{"line":78,"column":2},"end":{"line":86,"column":3}},"13":{"start":{"line":90,"column":2},"end":{"line":96,"column":3}},"14":{"start":{"line":100,"column":2},"end":{"line":108,"column":3}},"15":{"start":{"line":112,"column":2},"end":{"line":115,"column":3}}},"fnMap":{"0":{"name":"(anonymous_0)","decl":{"start":{"line":35,"column":21},"end":{"line":35,"column":22}},"loc":{"start":{"line":35,"column":66},"end":{"line":58,"column":1}},"line":35},"1":{"name":"setOrderStage","decl":{"start":{"line":60,"column":9},"end":{"line":60,"column":22}},"loc":{"start":{"line":60,"column":42},"end":{"line":65,"column":1}},"line":60},"2":{"name":"updateShipping","decl":{"start":{"line":67,"column":9},"end":{"line":67,"column":23}},"loc":{"start":{"line":67,"column":41},"end":{"line":75,"column":1}},"line":67},"3":{"name":"setShippingLocation","decl":{"start":{"line":77,"column":9},"end":{"line":77,"column":28}},"loc":{"start":{"line":77,"column":47},"end":{"line":87,"column":1}},"line":77},"4":{"name":"updateBilling","decl":{"start":{"line":89,"column":9},"end":{"line":89,"column":22}},"loc":{"start":{"line":89,"column":40},"end":{"line":97,"column":1}},"line":89},"5":{"name":"setBillingLocation","decl":{"start":{"line":99,"column":9},"end":{"line":99,"column":27}},"loc":{"start":{"line":99,"column":46},"end":{"line":109,"column":1}},"line":99},"6":{"name":"updatePayment","decl":{"start":{"line":111,"column":9},"end":{"line":111,"column":22}},"loc":{"start":{"line":111,"column":40},"end":{"line":116,"column":1}},"line":111}},"branchMap":{"0":{"loc":{"start":{"line":35,"column":22},"end":{"line":35,"column":42}},"type":"default-arg","locations":[{"start":{"line":35,"column":30},"end":{"line":35,"column":42}}],"line":35},"1":{"loc":{"start":{"line":36,"column":2},"end":{"line":57,"column":3}},"type":"switch","locations":[{"start":{"line":37,"column":4},"end":{"line":38,"column":43}},{"start":{"line":40,"column":4},"end":{"line":41,"column":44}},{"start":{"line":43,"column":4},"end":{"line":44,"column":49}},{"start":{"line":46,"column":4},"end":{"line":47,"column":43}},{"start":{"line":49,"column":4},"end":{"line":50,"column":48}},{"start":{"line":52,"column":4},"end":{"line":53,"column":43}},{"start":{"line":55,"column":4},"end":{"line":56,"column":19}}],"line":36}},"s":{"0":4,"1":4,"2":28,"3":4,"4":4,"5":4,"6":4,"7":4,"8":4,"9":4,"10":4,"11":4,"12":4,"13":4,"14":4,"15":4},"f":{"0":28,"1":4,"2":4,"3":4,"4":4,"5":4,"6":4},"b":{"0":[0],"1":[4,4,4,4,4,4,4]},"_coverageSchema":"1a1c01bbd47fc00a2c39e90264f33305004495a9","hash":"babf31679750f90b4d453d86d41d6ae2a5ba98ec"}
,"D:\\OneDrive\\frontend\\packages\\flatstack\\src\\services\\countryList.js": {"path":"D:\\OneDrive\\frontend\\packages\\flatstack\\src\\services\\countryList.js","statementMap":{"0":{"start":{"line":3,"column":0},"end":{"line":6,"column":4}},"1":{"start":{"line":10,"column":4},"end":{"line":10,"column":38}},"2":{"start":{"line":10,"column":29},"end":{"line":10,"column":38}},"3":{"start":{"line":11,"column":4},"end":{"line":11,"column":39}},"4":{"start":{"line":11,"column":29},"end":{"line":11,"column":39}},"5":{"start":{"line":12,"column":4},"end":{"line":12,"column":13}}},"fnMap":{"0":{"name":"(anonymous_0)","decl":{"start":{"line":9,"column":8},"end":{"line":9,"column":9}},"loc":{"start":{"line":9,"column":40},"end":{"line":13,"column":3}},"line":9}},"branchMap":{"0":{"loc":{"start":{"line":10,"column":4},"end":{"line":10,"column":38}},"type":"if","locations":[{"start":{"line":10,"column":4},"end":{"line":10,"column":38}},{"start":{"line":10,"column":4},"end":{"line":10,"column":38}}],"line":10},"1":{"loc":{"start":{"line":11,"column":4},"end":{"line":11,"column":39}},"type":"if","locations":[{"start":{"line":11,"column":4},"end":{"line":11,"column":39}},{"start":{"line":11,"column":4},"end":{"line":11,"column":39}}],"line":11}},"s":{"0":2,"1":3646,"2":2000,"3":1646,"4":1646,"5":0},"f":{"0":3646},"b":{"0":[2000,1646],"1":[1646,0]},"_coverageSchema":"1a1c01bbd47fc00a2c39e90264f33305004495a9","hash":"f749e0463e1a240b33cc36b45a5da7c90b9b7db0"}
,"D:\\OneDrive\\frontend\\packages\\flatstack\\src\\services\\location.js": {"path":"D:\\OneDrive\\frontend\\packages\\flatstack\\src\\services\\location.js","statementMap":{"0":{"start":{"line":3,"column":4},"end":{"line":3,"column":42}},"1":{"start":{"line":7,"column":21},"end":{"line":7,"column":43}},"2":{"start":{"line":8,"column":4},"end":{"line":10,"column":5}},"3":{"start":{"line":9,"column":6},"end":{"line":9,"column":25}},"4":{"start":{"line":11,"column":4},"end":{"line":11,"column":27}}},"fnMap":{"0":{"name":"(anonymous_0)","decl":{"start":{"line":2,"column":2},"end":{"line":2,"column":3}},"loc":{"start":{"line":2,"column":17},"end":{"line":4,"column":3}},"line":2},"1":{"name":"(anonymous_1)","decl":{"start":{"line":6,"column":2},"end":{"line":6,"column":3}},"loc":{"start":{"line":6,"column":15},"end":{"line":12,"column":3}},"line":6}},"branchMap":{"0":{"loc":{"start":{"line":8,"column":4},"end":{"line":10,"column":5}},"type":"if","locations":[{"start":{"line":8,"column":4},"end":{"line":10,"column":5}},{"start":{"line":8,"column":4},"end":{"line":10,"column":5}}],"line":8}},"s":{"0":2,"1":0,"2":0,"3":0,"4":0},"f":{"0":2,"1":0},"b":{"0":[0,0]},"_coverageSchema":"1a1c01bbd47fc00a2c39e90264f33305004495a9","hash":"92099b7dabd10b2d0d6c876aa9cf7b6ac10ea471"}
,"D:\\OneDrive\\frontend\\packages\\flatstack\\src\\services\\validateBilling.js": {"path":"D:\\OneDrive\\frontend\\packages\\flatstack\\src\\services\\validateBilling.js","statementMap":{"0":{"start":{"line":4,"column":21},"end":{"line":13,"column":1}},"1":{"start":{"line":5,"column":17},"end":{"line":5,"column":19}},"2":{"start":{"line":6,"column":2},"end":{"line":6,"column":65}},"3":{"start":{"line":6,"column":24},"end":{"line":6,"column":65}},"4":{"start":{"line":7,"column":2},"end":{"line":7,"column":68}},"5":{"start":{"line":7,"column":25},"end":{"line":7,"column":68}},"6":{"start":{"line":8,"column":2},"end":{"line":8,"column":71}},"7":{"start":{"line":8,"column":26},"end":{"line":8,"column":71}},"8":{"start":{"line":9,"column":2},"end":{"line":9,"column":65}},"9":{"start":{"line":9,"column":24},"end":{"line":9,"column":65}},"10":{"start":{"line":10,"column":2},"end":{"line":10,"column":74}},"11":{"start":{"line":10,"column":27},"end":{"line":10,"column":74}},"12":{"start":{"line":11,"column":2},"end":{"line":11,"column":62}},"13":{"start":{"line":11,"column":23},"end":{"line":11,"column":62}},"14":{"start":{"line":12,"column":2},"end":{"line":12,"column":16}},"15":{"start":{"line":15,"column":21},"end":{"line":17,"column":1}},"16":{"start":{"line":16,"column":2},"end":{"line":16,"column":60}},"17":{"start":{"line":19,"column":22},"end":{"line":21,"column":1}},"18":{"start":{"line":20,"column":2},"end":{"line":20,"column":67}},"19":{"start":{"line":23,"column":23},"end":{"line":25,"column":1}},"20":{"start":{"line":24,"column":2},"end":{"line":24,"column":68}},"21":{"start":{"line":27,"column":27},"end":{"line":29,"column":1}},"22":{"start":{"line":28,"column":2},"end":{"line":28,"column":72}},"23":{"start":{"line":31,"column":21},"end":{"line":33,"column":1}},"24":{"start":{"line":32,"column":2},"end":{"line":32,"column":66}},"25":{"start":{"line":35,"column":24},"end":{"line":37,"column":1}},"26":{"start":{"line":36,"column":2},"end":{"line":36,"column":67}},"27":{"start":{"line":39,"column":20},"end":{"line":41,"column":1}},"28":{"start":{"line":40,"column":2},"end":{"line":40,"column":50}},"29":{"start":{"line":44,"column":24},"end":{"line":52,"column":3}},"30":{"start":{"line":54,"column":2},"end":{"line":57,"column":4}}},"fnMap":{"0":{"name":"(anonymous_0)","decl":{"start":{"line":4,"column":21},"end":{"line":4,"column":22}},"loc":{"start":{"line":4,"column":31},"end":{"line":13,"column":1}},"line":4},"1":{"name":"(anonymous_1)","decl":{"start":{"line":15,"column":21},"end":{"line":15,"column":22}},"loc":{"start":{"line":15,"column":31},"end":{"line":17,"column":1}},"line":15},"2":{"name":"(anonymous_2)","decl":{"start":{"line":19,"column":22},"end":{"line":19,"column":23}},"loc":{"start":{"line":19,"column":33},"end":{"line":21,"column":1}},"line":19},"3":{"name":"(anonymous_3)","decl":{"start":{"line":23,"column":23},"end":{"line":23,"column":24}},"loc":{"start":{"line":23,"column":35},"end":{"line":25,"column":1}},"line":23},"4":{"name":"(anonymous_4)","decl":{"start":{"line":27,"column":27},"end":{"line":27,"column":28}},"loc":{"start":{"line":27,"column":43},"end":{"line":29,"column":1}},"line":27},"5":{"name":"(anonymous_5)","decl":{"start":{"line":31,"column":21},"end":{"line":31,"column":22}},"loc":{"start":{"line":31,"column":31},"end":{"line":33,"column":1}},"line":31},"6":{"name":"(anonymous_6)","decl":{"start":{"line":35,"column":24},"end":{"line":35,"column":25}},"loc":{"start":{"line":35,"column":37},"end":{"line":37,"column":1}},"line":35},"7":{"name":"(anonymous_7)","decl":{"start":{"line":39,"column":20},"end":{"line":39,"column":21}},"loc":{"start":{"line":39,"column":29},"end":{"line":41,"column":1}},"line":39},"8":{"name":"(anonymous_8)","decl":{"start":{"line":43,"column":15},"end":{"line":43,"column":16}},"loc":{"start":{"line":43,"column":27},"end":{"line":58,"column":1}},"line":43}},"branchMap":{"0":{"loc":{"start":{"line":6,"column":2},"end":{"line":6,"column":65}},"type":"if","locations":[{"start":{"line":6,"column":2},"end":{"line":6,"column":65}},{"start":{"line":6,"column":2},"end":{"line":6,"column":65}}],"line":6},"1":{"loc":{"start":{"line":7,"column":2},"end":{"line":7,"column":68}},"type":"if","locations":[{"start":{"line":7,"column":2},"end":{"line":7,"column":68}},{"start":{"line":7,"column":2},"end":{"line":7,"column":68}}],"line":7},"2":{"loc":{"start":{"line":8,"column":2},"end":{"line":8,"column":71}},"type":"if","locations":[{"start":{"line":8,"column":2},"end":{"line":8,"column":71}},{"start":{"line":8,"column":2},"end":{"line":8,"column":71}}],"line":8},"3":{"loc":{"start":{"line":9,"column":2},"end":{"line":9,"column":65}},"type":"if","locations":[{"start":{"line":9,"column":2},"end":{"line":9,"column":65}},{"start":{"line":9,"column":2},"end":{"line":9,"column":65}}],"line":9},"4":{"loc":{"start":{"line":10,"column":2},"end":{"line":10,"column":74}},"type":"if","locations":[{"start":{"line":10,"column":2},"end":{"line":10,"column":74}},{"start":{"line":10,"column":2},"end":{"line":10,"column":74}}],"line":10},"5":{"loc":{"start":{"line":11,"column":2},"end":{"line":11,"column":62}},"type":"if","locations":[{"start":{"line":11,"column":2},"end":{"line":11,"column":62}},{"start":{"line":11,"column":2},"end":{"line":11,"column":62}}],"line":11}},"s":{"0":2,"1":2,"2":2,"3":1,"4":2,"5":1,"6":2,"7":1,"8":2,"9":1,"10":2,"11":1,"12":2,"13":1,"14":2,"15":2,"16":2,"17":2,"18":2,"19":2,"20":2,"21":2,"22":2,"23":2,"24":2,"25":2,"26":2,"27":2,"28":2,"29":2,"30":2},"f":{"0":2,"1":2,"2":2,"3":2,"4":2,"5":2,"6":2,"7":2,"8":2},"b":{"0":[1,1],"1":[1,1],"2":[1,1],"3":[1,1],"4":[1,1],"5":[1,1]},"_coverageSchema":"1a1c01bbd47fc00a2c39e90264f33305004495a9","hash":"efed24eb5d02ab241f8dbc98b3023483df51fcaa"}
,"D:\\OneDrive\\frontend\\packages\\flatstack\\src\\services\\validatePayment.js": {"path":"D:\\OneDrive\\frontend\\packages\\flatstack\\src\\services\\validatePayment.js","statementMap":{"0":{"start":{"line":4,"column":21},"end":{"line":15,"column":1}},"1":{"start":{"line":5,"column":17},"end":{"line":5,"column":19}},"2":{"start":{"line":6,"column":2},"end":{"line":6,"column":83}},"3":{"start":{"line":6,"column":30},"end":{"line":6,"column":83}},"4":{"start":{"line":7,"column":2},"end":{"line":9,"column":3}},"5":{"start":{"line":8,"column":4},"end":{"line":8,"column":57}},"6":{"start":{"line":10,"column":2},"end":{"line":10,"column":87}},"7":{"start":{"line":10,"column":34},"end":{"line":10,"column":87}},"8":{"start":{"line":11,"column":2},"end":{"line":13,"column":3}},"9":{"start":{"line":12,"column":4},"end":{"line":12,"column":61}},"10":{"start":{"line":14,"column":2},"end":{"line":14,"column":16}},"11":{"start":{"line":17,"column":27},"end":{"line":19,"column":1}},"12":{"start":{"line":18,"column":2},"end":{"line":18,"column":61}},"13":{"start":{"line":21,"column":27},"end":{"line":24,"column":1}},"14":{"start":{"line":22,"column":2},"end":{"line":23,"column":35}},"15":{"start":{"line":26,"column":27},"end":{"line":29,"column":1}},"16":{"start":{"line":27,"column":2},"end":{"line":28,"column":17}},"17":{"start":{"line":31,"column":29},"end":{"line":34,"column":1}},"18":{"start":{"line":32,"column":2},"end":{"line":33,"column":32}},"19":{"start":{"line":42,"column":24},"end":{"line":47,"column":3}},"20":{"start":{"line":49,"column":2},"end":{"line":52,"column":4}}},"fnMap":{"0":{"name":"(anonymous_0)","decl":{"start":{"line":4,"column":21},"end":{"line":4,"column":22}},"loc":{"start":{"line":4,"column":70},"end":{"line":15,"column":1}},"line":4},"1":{"name":"(anonymous_1)","decl":{"start":{"line":17,"column":27},"end":{"line":17,"column":28}},"loc":{"start":{"line":17,"column":43},"end":{"line":19,"column":1}},"line":17},"2":{"name":"(anonymous_2)","decl":{"start":{"line":21,"column":27},"end":{"line":21,"column":28}},"loc":{"start":{"line":21,"column":64},"end":{"line":24,"column":1}},"line":21},"3":{"name":"(anonymous_3)","decl":{"start":{"line":26,"column":27},"end":{"line":26,"column":28}},"loc":{"start":{"line":26,"column":43},"end":{"line":29,"column":1}},"line":26},"4":{"name":"(anonymous_4)","decl":{"start":{"line":31,"column":29},"end":{"line":31,"column":30}},"loc":{"start":{"line":31,"column":65},"end":{"line":34,"column":1}},"line":31},"5":{"name":"(anonymous_5)","decl":{"start":{"line":36,"column":15},"end":{"line":36,"column":16}},"loc":{"start":{"line":41,"column":5},"end":{"line":53,"column":1}},"line":41}},"branchMap":{"0":{"loc":{"start":{"line":6,"column":2},"end":{"line":6,"column":83}},"type":"if","locations":[{"start":{"line":6,"column":2},"end":{"line":6,"column":83}},{"start":{"line":6,"column":2},"end":{"line":6,"column":83}}],"line":6},"1":{"loc":{"start":{"line":7,"column":2},"end":{"line":9,"column":3}},"type":"if","locations":[{"start":{"line":7,"column":2},"end":{"line":9,"column":3}},{"start":{"line":7,"column":2},"end":{"line":9,"column":3}}],"line":7},"2":{"loc":{"start":{"line":10,"column":2},"end":{"line":10,"column":87}},"type":"if","locations":[{"start":{"line":10,"column":2},"end":{"line":10,"column":87}},{"start":{"line":10,"column":2},"end":{"line":10,"column":87}}],"line":10},"3":{"loc":{"start":{"line":11,"column":2},"end":{"line":13,"column":3}},"type":"if","locations":[{"start":{"line":11,"column":2},"end":{"line":13,"column":3}},{"start":{"line":11,"column":2},"end":{"line":13,"column":3}}],"line":11},"4":{"loc":{"start":{"line":38,"column":2},"end":{"line":38,"column":26}},"type":"default-arg","locations":[{"start":{"line":38,"column":24},"end":{"line":38,"column":26}}],"line":38},"5":{"loc":{"start":{"line":39,"column":2},"end":{"line":39,"column":26}},"type":"default-arg","locations":[{"start":{"line":39,"column":24},"end":{"line":39,"column":26}}],"line":39},"6":{"loc":{"start":{"line":40,"column":2},"end":{"line":40,"column":22}},"type":"default-arg","locations":[{"start":{"line":40,"column":21},"end":{"line":40,"column":22}}],"line":40}},"s":{"0":2,"1":2,"2":2,"3":1,"4":2,"5":2,"6":2,"7":1,"8":2,"9":1,"10":2,"11":2,"12":2,"13":2,"14":2,"15":2,"16":2,"17":2,"18":2,"19":2,"20":2},"f":{"0":2,"1":2,"2":2,"3":2,"4":2,"5":2},"b":{"0":[1,1],"1":[2,0],"2":[1,1],"3":[1,1],"4":[2],"5":[2],"6":[2]},"_coverageSchema":"1a1c01bbd47fc00a2c39e90264f33305004495a9","hash":"da1671fc583e9811cad8374e7c9407822523980c"}
,"D:\\OneDrive\\frontend\\packages\\flatstack\\src\\services\\validateShipping.js": {"path":"D:\\OneDrive\\frontend\\packages\\flatstack\\src\\services\\validateShipping.js","statementMap":{"0":{"start":{"line":4,"column":21},"end":{"line":13,"column":1}},"1":{"start":{"line":5,"column":17},"end":{"line":5,"column":19}},"2":{"start":{"line":6,"column":2},"end":{"line":6,"column":66}},"3":{"start":{"line":6,"column":24},"end":{"line":6,"column":66}},"4":{"start":{"line":7,"column":2},"end":{"line":7,"column":69}},"5":{"start":{"line":7,"column":25},"end":{"line":7,"column":69}},"6":{"start":{"line":8,"column":2},"end":{"line":8,"column":72}},"7":{"start":{"line":8,"column":26},"end":{"line":8,"column":72}},"8":{"start":{"line":9,"column":2},"end":{"line":9,"column":66}},"9":{"start":{"line":9,"column":24},"end":{"line":9,"column":66}},"10":{"start":{"line":10,"column":2},"end":{"line":10,"column":75}},"11":{"start":{"line":10,"column":27},"end":{"line":10,"column":75}},"12":{"start":{"line":11,"column":2},"end":{"line":11,"column":63}},"13":{"start":{"line":11,"column":23},"end":{"line":11,"column":63}},"14":{"start":{"line":12,"column":2},"end":{"line":12,"column":16}},"15":{"start":{"line":15,"column":21},"end":{"line":17,"column":1}},"16":{"start":{"line":16,"column":2},"end":{"line":16,"column":60}},"17":{"start":{"line":19,"column":22},"end":{"line":21,"column":1}},"18":{"start":{"line":20,"column":2},"end":{"line":20,"column":56}},"19":{"start":{"line":23,"column":23},"end":{"line":25,"column":1}},"20":{"start":{"line":24,"column":2},"end":{"line":24,"column":68}},"21":{"start":{"line":27,"column":27},"end":{"line":29,"column":1}},"22":{"start":{"line":28,"column":2},"end":{"line":28,"column":72}},"23":{"start":{"line":31,"column":21},"end":{"line":33,"column":1}},"24":{"start":{"line":32,"column":2},"end":{"line":32,"column":66}},"25":{"start":{"line":35,"column":24},"end":{"line":37,"column":1}},"26":{"start":{"line":36,"column":2},"end":{"line":36,"column":67}},"27":{"start":{"line":39,"column":20},"end":{"line":41,"column":1}},"28":{"start":{"line":40,"column":2},"end":{"line":40,"column":50}},"29":{"start":{"line":44,"column":24},"end":{"line":52,"column":3}},"30":{"start":{"line":54,"column":2},"end":{"line":57,"column":4}}},"fnMap":{"0":{"name":"(anonymous_0)","decl":{"start":{"line":4,"column":21},"end":{"line":4,"column":22}},"loc":{"start":{"line":4,"column":31},"end":{"line":13,"column":1}},"line":4},"1":{"name":"(anonymous_1)","decl":{"start":{"line":15,"column":21},"end":{"line":15,"column":22}},"loc":{"start":{"line":15,"column":31},"end":{"line":17,"column":1}},"line":15},"2":{"name":"(anonymous_2)","decl":{"start":{"line":19,"column":22},"end":{"line":19,"column":23}},"loc":{"start":{"line":19,"column":33},"end":{"line":21,"column":1}},"line":19},"3":{"name":"(anonymous_3)","decl":{"start":{"line":23,"column":23},"end":{"line":23,"column":24}},"loc":{"start":{"line":23,"column":35},"end":{"line":25,"column":1}},"line":23},"4":{"name":"(anonymous_4)","decl":{"start":{"line":27,"column":27},"end":{"line":27,"column":28}},"loc":{"start":{"line":27,"column":43},"end":{"line":29,"column":1}},"line":27},"5":{"name":"(anonymous_5)","decl":{"start":{"line":31,"column":21},"end":{"line":31,"column":22}},"loc":{"start":{"line":31,"column":31},"end":{"line":33,"column":1}},"line":31},"6":{"name":"(anonymous_6)","decl":{"start":{"line":35,"column":24},"end":{"line":35,"column":25}},"loc":{"start":{"line":35,"column":37},"end":{"line":37,"column":1}},"line":35},"7":{"name":"(anonymous_7)","decl":{"start":{"line":39,"column":20},"end":{"line":39,"column":21}},"loc":{"start":{"line":39,"column":29},"end":{"line":41,"column":1}},"line":39},"8":{"name":"(anonymous_8)","decl":{"start":{"line":43,"column":15},"end":{"line":43,"column":16}},"loc":{"start":{"line":43,"column":27},"end":{"line":58,"column":1}},"line":43}},"branchMap":{"0":{"loc":{"start":{"line":6,"column":2},"end":{"line":6,"column":66}},"type":"if","locations":[{"start":{"line":6,"column":2},"end":{"line":6,"column":66}},{"start":{"line":6,"column":2},"end":{"line":6,"column":66}}],"line":6},"1":{"loc":{"start":{"line":7,"column":2},"end":{"line":7,"column":69}},"type":"if","locations":[{"start":{"line":7,"column":2},"end":{"line":7,"column":69}},{"start":{"line":7,"column":2},"end":{"line":7,"column":69}}],"line":7},"2":{"loc":{"start":{"line":8,"column":2},"end":{"line":8,"column":72}},"type":"if","locations":[{"start":{"line":8,"column":2},"end":{"line":8,"column":72}},{"start":{"line":8,"column":2},"end":{"line":8,"column":72}}],"line":8},"3":{"loc":{"start":{"line":9,"column":2},"end":{"line":9,"column":66}},"type":"if","locations":[{"start":{"line":9,"column":2},"end":{"line":9,"column":66}},{"start":{"line":9,"column":2},"end":{"line":9,"column":66}}],"line":9},"4":{"loc":{"start":{"line":10,"column":2},"end":{"line":10,"column":75}},"type":"if","locations":[{"start":{"line":10,"column":2},"end":{"line":10,"column":75}},{"start":{"line":10,"column":2},"end":{"line":10,"column":75}}],"line":10},"5":{"loc":{"start":{"line":11,"column":2},"end":{"line":11,"column":63}},"type":"if","locations":[{"start":{"line":11,"column":2},"end":{"line":11,"column":63}},{"start":{"line":11,"column":2},"end":{"line":11,"column":63}}],"line":11}},"s":{"0":2,"1":2,"2":2,"3":1,"4":2,"5":1,"6":2,"7":1,"8":2,"9":1,"10":2,"11":1,"12":2,"13":1,"14":2,"15":2,"16":2,"17":2,"18":2,"19":2,"20":2,"21":2,"22":2,"23":2,"24":2,"25":2,"26":2,"27":2,"28":2,"29":2,"30":2},"f":{"0":2,"1":2,"2":2,"3":2,"4":2,"5":2,"6":2,"7":2,"8":2},"b":{"0":[1,1],"1":[1,1],"2":[1,1],"3":[1,1],"4":[1,1],"5":[1,1]},"_coverageSchema":"1a1c01bbd47fc00a2c39e90264f33305004495a9","hash":"3dcf4b0138a3c1704dc2621513a5b868c2b52f88"}
,"D:\\OneDrive\\frontend\\packages\\flatstack\\src\\utils\\cardType.js": {"path":"D:\\OneDrive\\frontend\\packages\\flatstack\\src\\utils\\cardType.js","statementMap":{"0":{"start":{"line":4,"column":20},"end":{"line":4,"column":46}},"1":{"start":{"line":5,"column":2},"end":{"line":12,"column":3}},"2":{"start":{"line":6,"column":4},"end":{"line":11,"column":6}},"3":{"start":{"line":13,"column":19},"end":{"line":13,"column":31}},"4":{"start":{"line":15,"column":2},"end":{"line":21,"column":4}}},"fnMap":{"0":{"name":"(anonymous_0)","decl":{"start":{"line":3,"column":15},"end":{"line":3,"column":16}},"loc":{"start":{"line":3,"column":31},"end":{"line":22,"column":1}},"line":3}},"branchMap":{"0":{"loc":{"start":{"line":5,"column":2},"end":{"line":12,"column":3}},"type":"if","locations":[{"start":{"line":5,"column":2},"end":{"line":12,"column":3}},{"start":{"line":5,"column":2},"end":{"line":12,"column":3}}],"line":5}},"s":{"0":1,"1":1,"2":0,"3":1,"4":1},"f":{"0":1},"b":{"0":[0,1]},"_coverageSchema":"1a1c01bbd47fc00a2c39e90264f33305004495a9","hash":"93329e48e136825520d60fc63fa13a0504a20e3d"}
,"D:\\OneDrive\\frontend\\packages\\flatstack\\src\\utils\\masks.js": {"path":"D:\\OneDrive\\frontend\\packages\\flatstack\\src\\utils\\masks.js","statementMap":{"0":{"start":{"line":1,"column":33},"end":{"line":9,"column":1}},"1":{"start":{"line":2,"column":15},"end":{"line":2,"column":17}},"2":{"start":{"line":3,"column":2},"end":{"line":7,"column":3}},"3":{"start":{"line":3,"column":15},"end":{"line":3,"column":16}},"4":{"start":{"line":4,"column":4},"end":{"line":4,"column":27}},"5":{"start":{"line":4,"column":21},"end":{"line":4,"column":27}},"6":{"start":{"line":5,"column":4},"end":{"line":5,"column":40}},"7":{"start":{"line":5,"column":26},"end":{"line":5,"column":40}},"8":{"start":{"line":6,"column":4},"end":{"line":6,"column":28}},"9":{"start":{"line":8,"column":2},"end":{"line":8,"column":16}},"10":{"start":{"line":11,"column":33},"end":{"line":16,"column":1}},"11":{"start":{"line":12,"column":16},"end":{"line":12,"column":38}},"12":{"start":{"line":13,"column":15},"end":{"line":13,"column":37}},"13":{"start":{"line":14,"column":2},"end":{"line":14,"column":43}},"14":{"start":{"line":14,"column":30},"end":{"line":14,"column":43}},"15":{"start":{"line":15,"column":2},"end":{"line":15,"column":30}}},"fnMap":{"0":{"name":"(anonymous_0)","decl":{"start":{"line":1,"column":33},"end":{"line":1,"column":34}},"loc":{"start":{"line":1,"column":63},"end":{"line":9,"column":1}},"line":1},"1":{"name":"(anonymous_1)","decl":{"start":{"line":11,"column":33},"end":{"line":11,"column":34}},"loc":{"start":{"line":11,"column":49},"end":{"line":16,"column":1}},"line":11}},"branchMap":{"0":{"loc":{"start":{"line":4,"column":4},"end":{"line":4,"column":27}},"type":"if","locations":[{"start":{"line":4,"column":4},"end":{"line":4,"column":27}},{"start":{"line":4,"column":4},"end":{"line":4,"column":27}}],"line":4},"1":{"loc":{"start":{"line":5,"column":4},"end":{"line":5,"column":40}},"type":"if","locations":[{"start":{"line":5,"column":4},"end":{"line":5,"column":40}},{"start":{"line":5,"column":4},"end":{"line":5,"column":40}}],"line":5},"2":{"loc":{"start":{"line":14,"column":2},"end":{"line":14,"column":43}},"type":"if","locations":[{"start":{"line":14,"column":2},"end":{"line":14,"column":43}},{"start":{"line":14,"column":2},"end":{"line":14,"column":43}}],"line":14}},"s":{"0":2,"1":3,"2":3,"3":3,"4":34,"5":1,"6":33,"7":6,"8":33,"9":3,"10":2,"11":3,"12":3,"13":3,"14":1,"15":2},"f":{"0":3,"1":3},"b":{"0":[1,33],"1":[6,27],"2":[1,2]},"_coverageSchema":"1a1c01bbd47fc00a2c39e90264f33305004495a9","hash":"990cb494a826ab82db2e422bddf9932fd8a9e51c"}
,"D:\\OneDrive\\frontend\\packages\\flatstack\\src\\utils\\validate.js": {"path":"D:\\OneDrive\\frontend\\packages\\flatstack\\src\\utils\\validate.js","statementMap":{"0":{"start":{"line":1,"column":29},"end":{"line":7,"column":1}},"1":{"start":{"line":2,"column":15},"end":{"line":2,"column":17}},"2":{"start":{"line":3,"column":2},"end":{"line":5,"column":3}},"3":{"start":{"line":4,"column":4},"end":{"line":4,"column":43}},"4":{"start":{"line":4,"column":28},"end":{"line":4,"column":43}},"5":{"start":{"line":6,"column":2},"end":{"line":6,"column":16}}},"fnMap":{"0":{"name":"(anonymous_0)","decl":{"start":{"line":1,"column":29},"end":{"line":1,"column":30}},"loc":{"start":{"line":1,"column":48},"end":{"line":7,"column":1}},"line":1}},"branchMap":{"0":{"loc":{"start":{"line":4,"column":4},"end":{"line":4,"column":43}},"type":"if","locations":[{"start":{"line":4,"column":4},"end":{"line":4,"column":43}},{"start":{"line":4,"column":4},"end":{"line":4,"column":43}}],"line":4}},"s":{"0":6,"1":36,"2":36,"3":198,"4":162,"5":36},"f":{"0":36},"b":{"0":[162,36]},"_coverageSchema":"1a1c01bbd47fc00a2c39e90264f33305004495a9","hash":"ede31b6dd3c02ea211417f500d285185d5e88886"}
}
