{"D:\\OneDrive\\frontend\\packages\\flatstack\\src\\constants\\actionTypes.js": {"path":"D:\\OneDrive\\frontend\\packages\\flatstack\\src\\constants\\actionTypes.js","statementMap":{},"fnMap":{},"branchMap":{},"s":{},"f":{},"b":{},"_coverageSchema":"1a1c01bbd47fc00a2c39e90264f33305004495a9","hash":"9c5d2092b717f678b27dc646d74193253ca3e58c"}
,"D:\\OneDrive\\frontend\\packages\\flatstack\\src\\constants\\errorMessages.js": {"path":"D:\\OneDrive\\frontend\\packages\\flatstack\\src\\constants\\errorMessages.js","statementMap":{},"fnMap":{},"branchMap":{},"s":{},"f":{},"b":{},"_coverageSchema":"1a1c01bbd47fc00a2c39e90264f33305004495a9","hash":"b255db3b27398b1c76aa39113a0125fc18353bd4"}
,"D:\\OneDrive\\frontend\\packages\\flatstack\\src\\constants\\stages.js": {"path":"D:\\OneDrive\\frontend\\packages\\flatstack\\src\\constants\\stages.js","statementMap":{},"fnMap":{},"branchMap":{},"s":{},"f":{},"b":{},"_coverageSchema":"1a1c01bbd47fc00a2c39e90264f33305004495a9","hash":"55283d5ad13abd06d2826a7cd3bb74822fa09d53"}
,"D:\\OneDrive\\frontend\\packages\\flatstack\\src\\reducers\\cartReducer.js": {"path":"D:\\OneDrive\\frontend\\packages\\flatstack\\src\\reducers\\cartReducer.js","statementMap":{"0":{"start":{"line":3,"column":28},"end":{"line":5,"column":1}},"1":{"start":{"line":7,"column":20},"end":{"line":14,"column":1}},"2":{"start":{"line":8,"column":2},"end":{"line":13,"column":3}},"3":{"start":{"line":10,"column":6},"end":{"line":10,"column":39}},"4":{"start":{"line":12,"column":6},"end":{"line":12,"column":19}},"5":{"start":{"line":17,"column":2},"end":{"line":23,"column":4}}},"fnMap":{"0":{"name":"(anonymous_0)","decl":{"start":{"line":7,"column":20},"end":{"line":7,"column":21}},"loc":{"start":{"line":7,"column":65},"end":{"line":14,"column":1}},"line":7},"1":{"name":"addToCart","decl":{"start":{"line":16,"column":9},"end":{"line":16,"column":18}},"loc":{"start":{"line":16,"column":37},"end":{"line":24,"column":1}},"line":16}},"branchMap":{"0":{"loc":{"start":{"line":7,"column":21},"end":{"line":7,"column":41}},"type":"default-arg","locations":[{"start":{"line":7,"column":29},"end":{"line":7,"column":41}}],"line":7},"1":{"loc":{"start":{"line":8,"column":2},"end":{"line":13,"column":3}},"type":"switch","locations":[{"start":{"line":9,"column":4},"end":{"line":10,"column":39}},{"start":{"line":11,"column":4},"end":{"line":12,"column":19}}],"line":8}},"s":{"0":1,"1":1,"2":2,"3":1,"4":1,"5":1},"f":{"0":2,"1":1},"b":{"0":[0],"1":[1,1]},"_coverageSchema":"1a1c01bbd47fc00a2c39e90264f33305004495a9","hash":"057bdaf633fbba57fefb216ab2f3483bd6d6362f"}
,"D:\\OneDrive\\frontend\\packages\\flatstack\\src\\reducers\\orderReducer.js": {"path":"D:\\OneDrive\\frontend\\packages\\flatstack\\src\\reducers\\orderReducer.js","statementMap":{"0":{"start":{"line":4,"column":28},"end":{"line":33,"column":1}},"1":{"start":{"line":35,"column":21},"end":{"line":58,"column":1}},"2":{"start":{"line":36,"column":2},"end":{"line":57,"column":3}},"3":{"start":{"line":38,"column":6},"end":{"line":38,"column":43}},"4":{"start":{"line":41,"column":6},"end":{"line":41,"column":44}},"5":{"start":{"line":44,"column":6},"end":{"line":44,"column":49}},"6":{"start":{"line":47,"column":6},"end":{"line":47,"column":43}},"7":{"start":{"line":50,"column":6},"end":{"line":50,"column":48}},"8":{"start":{"line":53,"column":6},"end":{"line":53,"column":43}},"9":{"start":{"line":56,"column":6},"end":{"line":56,"column":19}},"10":{"start":{"line":61,"column":2},"end":{"line":64,"column":4}},"11":{"start":{"line":68,"column":2},"end":{"line":74,"column":3}},"12":{"start":{"line":78,"column":2},"end":{"line":86,"column":3}},"13":{"start":{"line":90,"column":2},"end":{"line":96,"column":3}},"14":{"start":{"line":100,"column":2},"end":{"line":108,"column":3}},"15":{"start":{"line":112,"column":2},"end":{"line":115,"column":3}}},"fnMap":{"0":{"name":"(anonymous_0)","decl":{"start":{"line":35,"column":21},"end":{"line":35,"column":22}},"loc":{"start":{"line":35,"column":66},"end":{"line":58,"column":1}},"line":35},"1":{"name":"setOrderStage","decl":{"start":{"line":60,"column":9},"end":{"line":60,"column":22}},"loc":{"start":{"line":60,"column":42},"end":{"line":65,"column":1}},"line":60},"2":{"name":"updateShipping","decl":{"start":{"line":67,"column":9},"end":{"line":67,"column":23}},"loc":{"start":{"line":67,"column":41},"end":{"line":75,"column":1}},"line":67},"3":{"name":"setShippingLocation","decl":{"start":{"line":77,"column":9},"end":{"line":77,"column":28}},"loc":{"start":{"line":77,"column":47},"end":{"line":87,"column":1}},"line":77},"4":{"name":"updateBilling","decl":{"start":{"line":89,"column":9},"end":{"line":89,"column":22}},"loc":{"start":{"line":89,"column":40},"end":{"line":97,"column":1}},"line":89},"5":{"name":"setBillingLocation","decl":{"start":{"line":99,"column":9},"end":{"line":99,"column":27}},"loc":{"start":{"line":99,"column":46},"end":{"line":109,"column":1}},"line":99},"6":{"name":"updatePayment","decl":{"start":{"line":111,"column":9},"end":{"line":111,"column":22}},"loc":{"start":{"line":111,"column":40},"end":{"line":116,"column":1}},"line":111}},"branchMap":{"0":{"loc":{"start":{"line":35,"column":22},"end":{"line":35,"column":42}},"type":"default-arg","locations":[{"start":{"line":35,"column":30},"end":{"line":35,"column":42}}],"line":35},"1":{"loc":{"start":{"line":36,"column":2},"end":{"line":57,"column":3}},"type":"switch","locations":[{"start":{"line":37,"column":4},"end":{"line":38,"column":43}},{"start":{"line":40,"column":4},"end":{"line":41,"column":44}},{"start":{"line":43,"column":4},"end":{"line":44,"column":49}},{"start":{"line":46,"column":4},"end":{"line":47,"column":43}},{"start":{"line":49,"column":4},"end":{"line":50,"column":48}},{"start":{"line":52,"column":4},"end":{"line":53,"column":43}},{"start":{"line":55,"column":4},"end":{"line":56,"column":19}}],"line":36}},"s":{"0":1,"1":1,"2":7,"3":1,"4":1,"5":1,"6":1,"7":1,"8":1,"9":1,"10":1,"11":1,"12":1,"13":1,"14":1,"15":1},"f":{"0":7,"1":1,"2":1,"3":1,"4":1,"5":1,"6":1},"b":{"0":[0],"1":[1,1,1,1,1,1,1]},"_coverageSchema":"1a1c01bbd47fc00a2c39e90264f33305004495a9","hash":"babf31679750f90b4d453d86d41d6ae2a5ba98ec"}
,"D:\\OneDrive\\frontend\\packages\\flatstack\\src\\services\\validateBilling.js": {"path":"D:\\OneDrive\\frontend\\packages\\flatstack\\src\\services\\validateBilling.js","statementMap":{"0":{"start":{"line":4,"column":21},"end":{"line":13,"column":1}},"1":{"start":{"line":5,"column":17},"end":{"line":5,"column":19}},"2":{"start":{"line":6,"column":2},"end":{"line":6,"column":65}},"3":{"start":{"line":6,"column":24},"end":{"line":6,"column":65}},"4":{"start":{"line":7,"column":2},"end":{"line":7,"column":68}},"5":{"start":{"line":7,"column":25},"end":{"line":7,"column":68}},"6":{"start":{"line":8,"column":2},"end":{"line":8,"column":71}},"7":{"start":{"line":8,"column":26},"end":{"line":8,"column":71}},"8":{"start":{"line":9,"column":2},"end":{"line":9,"column":65}},"9":{"start":{"line":9,"column":24},"end":{"line":9,"column":65}},"10":{"start":{"line":10,"column":2},"end":{"line":10,"column":74}},"11":{"start":{"line":10,"column":27},"end":{"line":10,"column":74}},"12":{"start":{"line":11,"column":2},"end":{"line":11,"column":62}},"13":{"start":{"line":11,"column":23},"end":{"line":11,"column":62}},"14":{"start":{"line":12,"column":2},"end":{"line":12,"column":16}},"15":{"start":{"line":15,"column":21},"end":{"line":17,"column":1}},"16":{"start":{"line":16,"column":2},"end":{"line":16,"column":60}},"17":{"start":{"line":19,"column":22},"end":{"line":21,"column":1}},"18":{"start":{"line":20,"column":2},"end":{"line":20,"column":67}},"19":{"start":{"line":23,"column":23},"end":{"line":25,"column":1}},"20":{"start":{"line":24,"column":2},"end":{"line":24,"column":68}},"21":{"start":{"line":27,"column":27},"end":{"line":29,"column":1}},"22":{"start":{"line":28,"column":2},"end":{"line":28,"column":72}},"23":{"start":{"line":31,"column":21},"end":{"line":33,"column":1}},"24":{"start":{"line":32,"column":2},"end":{"line":32,"column":66}},"25":{"start":{"line":35,"column":24},"end":{"line":37,"column":1}},"26":{"start":{"line":36,"column":2},"end":{"line":36,"column":67}},"27":{"start":{"line":39,"column":20},"end":{"line":41,"column":1}},"28":{"start":{"line":40,"column":2},"end":{"line":40,"column":50}},"29":{"start":{"line":44,"column":24},"end":{"line":52,"column":3}},"30":{"start":{"line":54,"column":2},"end":{"line":57,"column":4}}},"fnMap":{"0":{"name":"(anonymous_0)","decl":{"start":{"line":4,"column":21},"end":{"line":4,"column":22}},"loc":{"start":{"line":4,"column":31},"end":{"line":13,"column":1}},"line":4},"1":{"name":"(anonymous_1)","decl":{"start":{"line":15,"column":21},"end":{"line":15,"column":22}},"loc":{"start":{"line":15,"column":31},"end":{"line":17,"column":1}},"line":15},"2":{"name":"(anonymous_2)","decl":{"start":{"line":19,"column":22},"end":{"line":19,"column":23}},"loc":{"start":{"line":19,"column":33},"end":{"line":21,"column":1}},"line":19},"3":{"name":"(anonymous_3)","decl":{"start":{"line":23,"column":23},"end":{"line":23,"column":24}},"loc":{"start":{"line":23,"column":35},"end":{"line":25,"column":1}},"line":23},"4":{"name":"(anonymous_4)","decl":{"start":{"line":27,"column":27},"end":{"line":27,"column":28}},"loc":{"start":{"line":27,"column":43},"end":{"line":29,"column":1}},"line":27},"5":{"name":"(anonymous_5)","decl":{"start":{"line":31,"column":21},"end":{"line":31,"column":22}},"loc":{"start":{"line":31,"column":31},"end":{"line":33,"column":1}},"line":31},"6":{"name":"(anonymous_6)","decl":{"start":{"line":35,"column":24},"end":{"line":35,"column":25}},"loc":{"start":{"line":35,"column":37},"end":{"line":37,"column":1}},"line":35},"7":{"name":"(anonymous_7)","decl":{"start":{"line":39,"column":20},"end":{"line":39,"column":21}},"loc":{"start":{"line":39,"column":29},"end":{"line":41,"column":1}},"line":39},"8":{"name":"(anonymous_8)","decl":{"start":{"line":43,"column":15},"end":{"line":43,"column":16}},"loc":{"start":{"line":43,"column":27},"end":{"line":58,"column":1}},"line":43}},"branchMap":{"0":{"loc":{"start":{"line":6,"column":2},"end":{"line":6,"column":65}},"type":"if","locations":[{"start":{"line":6,"column":2},"end":{"line":6,"column":65}},{"start":{"line":6,"column":2},"end":{"line":6,"column":65}}],"line":6},"1":{"loc":{"start":{"line":7,"column":2},"end":{"line":7,"column":68}},"type":"if","locations":[{"start":{"line":7,"column":2},"end":{"line":7,"column":68}},{"start":{"line":7,"column":2},"end":{"line":7,"column":68}}],"line":7},"2":{"loc":{"start":{"line":8,"column":2},"end":{"line":8,"column":71}},"type":"if","locations":[{"start":{"line":8,"column":2},"end":{"line":8,"column":71}},{"start":{"line":8,"column":2},"end":{"line":8,"column":71}}],"line":8},"3":{"loc":{"start":{"line":9,"column":2},"end":{"line":9,"column":65}},"type":"if","locations":[{"start":{"line":9,"column":2},"end":{"line":9,"column":65}},{"start":{"line":9,"column":2},"end":{"line":9,"column":65}}],"line":9},"4":{"loc":{"start":{"line":10,"column":2},"end":{"line":10,"column":74}},"type":"if","locations":[{"start":{"line":10,"column":2},"end":{"line":10,"column":74}},{"start":{"line":10,"column":2},"end":{"line":10,"column":74}}],"line":10},"5":{"loc":{"start":{"line":11,"column":2},"end":{"line":11,"column":62}},"type":"if","locations":[{"start":{"line":11,"column":2},"end":{"line":11,"column":62}},{"start":{"line":11,"column":2},"end":{"line":11,"column":62}}],"line":11}},"s":{"0":1,"1":2,"2":2,"3":1,"4":2,"5":1,"6":2,"7":1,"8":2,"9":1,"10":2,"11":1,"12":2,"13":1,"14":2,"15":1,"16":2,"17":1,"18":2,"19":1,"20":2,"21":1,"22":2,"23":1,"24":2,"25":1,"26":2,"27":1,"28":2,"29":2,"30":2},"f":{"0":2,"1":2,"2":2,"3":2,"4":2,"5":2,"6":2,"7":2,"8":2},"b":{"0":[1,1],"1":[1,1],"2":[1,1],"3":[1,1],"4":[1,1],"5":[1,1]},"_coverageSchema":"1a1c01bbd47fc00a2c39e90264f33305004495a9","hash":"efed24eb5d02ab241f8dbc98b3023483df51fcaa"}
,"D:\\OneDrive\\frontend\\packages\\flatstack\\src\\services\\validatePayment.js": {"path":"D:\\OneDrive\\frontend\\packages\\flatstack\\src\\services\\validatePayment.js","statementMap":{"0":{"start":{"line":4,"column":21},"end":{"line":15,"column":1}},"1":{"start":{"line":5,"column":17},"end":{"line":5,"column":19}},"2":{"start":{"line":6,"column":2},"end":{"line":6,"column":83}},"3":{"start":{"line":6,"column":30},"end":{"line":6,"column":83}},"4":{"start":{"line":7,"column":2},"end":{"line":9,"column":3}},"5":{"start":{"line":8,"column":4},"end":{"line":8,"column":57}},"6":{"start":{"line":10,"column":2},"end":{"line":10,"column":87}},"7":{"start":{"line":10,"column":34},"end":{"line":10,"column":87}},"8":{"start":{"line":11,"column":2},"end":{"line":13,"column":3}},"9":{"start":{"line":12,"column":4},"end":{"line":12,"column":61}},"10":{"start":{"line":14,"column":2},"end":{"line":14,"column":16}},"11":{"start":{"line":17,"column":27},"end":{"line":19,"column":1}},"12":{"start":{"line":18,"column":2},"end":{"line":18,"column":61}},"13":{"start":{"line":21,"column":27},"end":{"line":24,"column":1}},"14":{"start":{"line":22,"column":2},"end":{"line":23,"column":35}},"15":{"start":{"line":26,"column":27},"end":{"line":29,"column":1}},"16":{"start":{"line":27,"column":2},"end":{"line":28,"column":17}},"17":{"start":{"line":31,"column":29},"end":{"line":34,"column":1}},"18":{"start":{"line":32,"column":2},"end":{"line":33,"column":32}},"19":{"start":{"line":42,"column":24},"end":{"line":47,"column":3}},"20":{"start":{"line":49,"column":2},"end":{"line":52,"column":4}}},"fnMap":{"0":{"name":"(anonymous_0)","decl":{"start":{"line":4,"column":21},"end":{"line":4,"column":22}},"loc":{"start":{"line":4,"column":70},"end":{"line":15,"column":1}},"line":4},"1":{"name":"(anonymous_1)","decl":{"start":{"line":17,"column":27},"end":{"line":17,"column":28}},"loc":{"start":{"line":17,"column":43},"end":{"line":19,"column":1}},"line":17},"2":{"name":"(anonymous_2)","decl":{"start":{"line":21,"column":27},"end":{"line":21,"column":28}},"loc":{"start":{"line":21,"column":64},"end":{"line":24,"column":1}},"line":21},"3":{"name":"(anonymous_3)","decl":{"start":{"line":26,"column":27},"end":{"line":26,"column":28}},"loc":{"start":{"line":26,"column":43},"end":{"line":29,"column":1}},"line":26},"4":{"name":"(anonymous_4)","decl":{"start":{"line":31,"column":29},"end":{"line":31,"column":30}},"loc":{"start":{"line":31,"column":65},"end":{"line":34,"column":1}},"line":31},"5":{"name":"(anonymous_5)","decl":{"start":{"line":36,"column":15},"end":{"line":36,"column":16}},"loc":{"start":{"line":41,"column":5},"end":{"line":53,"column":1}},"line":41}},"branchMap":{"0":{"loc":{"start":{"line":6,"column":2},"end":{"line":6,"column":83}},"type":"if","locations":[{"start":{"line":6,"column":2},"end":{"line":6,"column":83}},{"start":{"line":6,"column":2},"end":{"line":6,"column":83}}],"line":6},"1":{"loc":{"start":{"line":7,"column":2},"end":{"line":9,"column":3}},"type":"if","locations":[{"start":{"line":7,"column":2},"end":{"line":9,"column":3}},{"start":{"line":7,"column":2},"end":{"line":9,"column":3}}],"line":7},"2":{"loc":{"start":{"line":10,"column":2},"end":{"line":10,"column":87}},"type":"if","locations":[{"start":{"line":10,"column":2},"end":{"line":10,"column":87}},{"start":{"line":10,"column":2},"end":{"line":10,"column":87}}],"line":10},"3":{"loc":{"start":{"line":11,"column":2},"end":{"line":13,"column":3}},"type":"if","locations":[{"start":{"line":11,"column":2},"end":{"line":13,"column":3}},{"start":{"line":11,"column":2},"end":{"line":13,"column":3}}],"line":11},"4":{"loc":{"start":{"line":38,"column":2},"end":{"line":38,"column":26}},"type":"default-arg","locations":[{"start":{"line":38,"column":24},"end":{"line":38,"column":26}}],"line":38},"5":{"loc":{"start":{"line":39,"column":2},"end":{"line":39,"column":26}},"type":"default-arg","locations":[{"start":{"line":39,"column":24},"end":{"line":39,"column":26}}],"line":39},"6":{"loc":{"start":{"line":40,"column":2},"end":{"line":40,"column":22}},"type":"default-arg","locations":[{"start":{"line":40,"column":21},"end":{"line":40,"column":22}}],"line":40}},"s":{"0":1,"1":2,"2":2,"3":1,"4":2,"5":2,"6":2,"7":1,"8":2,"9":1,"10":2,"11":1,"12":2,"13":1,"14":2,"15":1,"16":2,"17":1,"18":2,"19":2,"20":2},"f":{"0":2,"1":2,"2":2,"3":2,"4":2,"5":2},"b":{"0":[1,1],"1":[2,0],"2":[1,1],"3":[1,1],"4":[2],"5":[2],"6":[2]},"_coverageSchema":"1a1c01bbd47fc00a2c39e90264f33305004495a9","hash":"da1671fc583e9811cad8374e7c9407822523980c"}
,"D:\\OneDrive\\frontend\\packages\\flatstack\\src\\services\\validateShipping.js": {"path":"D:\\OneDrive\\frontend\\packages\\flatstack\\src\\services\\validateShipping.js","statementMap":{"0":{"start":{"line":4,"column":21},"end":{"line":13,"column":1}},"1":{"start":{"line":5,"column":17},"end":{"line":5,"column":19}},"2":{"start":{"line":6,"column":2},"end":{"line":6,"column":66}},"3":{"start":{"line":6,"column":24},"end":{"line":6,"column":66}},"4":{"start":{"line":7,"column":2},"end":{"line":7,"column":69}},"5":{"start":{"line":7,"column":25},"end":{"line":7,"column":69}},"6":{"start":{"line":8,"column":2},"end":{"line":8,"column":72}},"7":{"start":{"line":8,"column":26},"end":{"line":8,"column":72}},"8":{"start":{"line":9,"column":2},"end":{"line":9,"column":66}},"9":{"start":{"line":9,"column":24},"end":{"line":9,"column":66}},"10":{"start":{"line":10,"column":2},"end":{"line":10,"column":75}},"11":{"start":{"line":10,"column":27},"end":{"line":10,"column":75}},"12":{"start":{"line":11,"column":2},"end":{"line":11,"column":63}},"13":{"start":{"line":11,"column":23},"end":{"line":11,"column":63}},"14":{"start":{"line":12,"column":2},"end":{"line":12,"column":16}},"15":{"start":{"line":15,"column":21},"end":{"line":17,"column":1}},"16":{"start":{"line":16,"column":2},"end":{"line":16,"column":60}},"17":{"start":{"line":19,"column":22},"end":{"line":21,"column":1}},"18":{"start":{"line":20,"column":2},"end":{"line":20,"column":56}},"19":{"start":{"line":23,"column":23},"end":{"line":25,"column":1}},"20":{"start":{"line":24,"column":2},"end":{"line":24,"column":68}},"21":{"start":{"line":27,"column":27},"end":{"line":29,"column":1}},"22":{"start":{"line":28,"column":2},"end":{"line":28,"column":72}},"23":{"start":{"line":31,"column":21},"end":{"line":33,"column":1}},"24":{"start":{"line":32,"column":2},"end":{"line":32,"column":66}},"25":{"start":{"line":35,"column":24},"end":{"line":37,"column":1}},"26":{"start":{"line":36,"column":2},"end":{"line":36,"column":67}},"27":{"start":{"line":39,"column":20},"end":{"line":41,"column":1}},"28":{"start":{"line":40,"column":2},"end":{"line":40,"column":50}},"29":{"start":{"line":44,"column":24},"end":{"line":52,"column":3}},"30":{"start":{"line":54,"column":2},"end":{"line":57,"column":4}}},"fnMap":{"0":{"name":"(anonymous_0)","decl":{"start":{"line":4,"column":21},"end":{"line":4,"column":22}},"loc":{"start":{"line":4,"column":31},"end":{"line":13,"column":1}},"line":4},"1":{"name":"(anonymous_1)","decl":{"start":{"line":15,"column":21},"end":{"line":15,"column":22}},"loc":{"start":{"line":15,"column":31},"end":{"line":17,"column":1}},"line":15},"2":{"name":"(anonymous_2)","decl":{"start":{"line":19,"column":22},"end":{"line":19,"column":23}},"loc":{"start":{"line":19,"column":33},"end":{"line":21,"column":1}},"line":19},"3":{"name":"(anonymous_3)","decl":{"start":{"line":23,"column":23},"end":{"line":23,"column":24}},"loc":{"start":{"line":23,"column":35},"end":{"line":25,"column":1}},"line":23},"4":{"name":"(anonymous_4)","decl":{"start":{"line":27,"column":27},"end":{"line":27,"column":28}},"loc":{"start":{"line":27,"column":43},"end":{"line":29,"column":1}},"line":27},"5":{"name":"(anonymous_5)","decl":{"start":{"line":31,"column":21},"end":{"line":31,"column":22}},"loc":{"start":{"line":31,"column":31},"end":{"line":33,"column":1}},"line":31},"6":{"name":"(anonymous_6)","decl":{"start":{"line":35,"column":24},"end":{"line":35,"column":25}},"loc":{"start":{"line":35,"column":37},"end":{"line":37,"column":1}},"line":35},"7":{"name":"(anonymous_7)","decl":{"start":{"line":39,"column":20},"end":{"line":39,"column":21}},"loc":{"start":{"line":39,"column":29},"end":{"line":41,"column":1}},"line":39},"8":{"name":"(anonymous_8)","decl":{"start":{"line":43,"column":15},"end":{"line":43,"column":16}},"loc":{"start":{"line":43,"column":27},"end":{"line":58,"column":1}},"line":43}},"branchMap":{"0":{"loc":{"start":{"line":6,"column":2},"end":{"line":6,"column":66}},"type":"if","locations":[{"start":{"line":6,"column":2},"end":{"line":6,"column":66}},{"start":{"line":6,"column":2},"end":{"line":6,"column":66}}],"line":6},"1":{"loc":{"start":{"line":7,"column":2},"end":{"line":7,"column":69}},"type":"if","locations":[{"start":{"line":7,"column":2},"end":{"line":7,"column":69}},{"start":{"line":7,"column":2},"end":{"line":7,"column":69}}],"line":7},"2":{"loc":{"start":{"line":8,"column":2},"end":{"line":8,"column":72}},"type":"if","locations":[{"start":{"line":8,"column":2},"end":{"line":8,"column":72}},{"start":{"line":8,"column":2},"end":{"line":8,"column":72}}],"line":8},"3":{"loc":{"start":{"line":9,"column":2},"end":{"line":9,"column":66}},"type":"if","locations":[{"start":{"line":9,"column":2},"end":{"line":9,"column":66}},{"start":{"line":9,"column":2},"end":{"line":9,"column":66}}],"line":9},"4":{"loc":{"start":{"line":10,"column":2},"end":{"line":10,"column":75}},"type":"if","locations":[{"start":{"line":10,"column":2},"end":{"line":10,"column":75}},{"start":{"line":10,"column":2},"end":{"line":10,"column":75}}],"line":10},"5":{"loc":{"start":{"line":11,"column":2},"end":{"line":11,"column":63}},"type":"if","locations":[{"start":{"line":11,"column":2},"end":{"line":11,"column":63}},{"start":{"line":11,"column":2},"end":{"line":11,"column":63}}],"line":11}},"s":{"0":1,"1":2,"2":2,"3":1,"4":2,"5":1,"6":2,"7":1,"8":2,"9":1,"10":2,"11":1,"12":2,"13":1,"14":2,"15":1,"16":2,"17":1,"18":2,"19":1,"20":2,"21":1,"22":2,"23":1,"24":2,"25":1,"26":2,"27":1,"28":2,"29":2,"30":2},"f":{"0":2,"1":2,"2":2,"3":2,"4":2,"5":2,"6":2,"7":2,"8":2},"b":{"0":[1,1],"1":[1,1],"2":[1,1],"3":[1,1],"4":[1,1],"5":[1,1]},"_coverageSchema":"1a1c01bbd47fc00a2c39e90264f33305004495a9","hash":"3dcf4b0138a3c1704dc2621513a5b868c2b52f88"}
,"D:\\OneDrive\\frontend\\packages\\flatstack\\src\\utils\\masks.js": {"path":"D:\\OneDrive\\frontend\\packages\\flatstack\\src\\utils\\masks.js","statementMap":{"0":{"start":{"line":1,"column":33},"end":{"line":9,"column":1}},"1":{"start":{"line":2,"column":15},"end":{"line":2,"column":17}},"2":{"start":{"line":3,"column":2},"end":{"line":7,"column":3}},"3":{"start":{"line":3,"column":15},"end":{"line":3,"column":16}},"4":{"start":{"line":4,"column":4},"end":{"line":4,"column":27}},"5":{"start":{"line":4,"column":21},"end":{"line":4,"column":27}},"6":{"start":{"line":5,"column":4},"end":{"line":5,"column":40}},"7":{"start":{"line":5,"column":26},"end":{"line":5,"column":40}},"8":{"start":{"line":6,"column":4},"end":{"line":6,"column":28}},"9":{"start":{"line":8,"column":2},"end":{"line":8,"column":16}},"10":{"start":{"line":11,"column":33},"end":{"line":16,"column":1}},"11":{"start":{"line":12,"column":16},"end":{"line":12,"column":38}},"12":{"start":{"line":13,"column":15},"end":{"line":13,"column":37}},"13":{"start":{"line":14,"column":2},"end":{"line":14,"column":43}},"14":{"start":{"line":14,"column":30},"end":{"line":14,"column":43}},"15":{"start":{"line":15,"column":2},"end":{"line":15,"column":30}}},"fnMap":{"0":{"name":"(anonymous_0)","decl":{"start":{"line":1,"column":33},"end":{"line":1,"column":34}},"loc":{"start":{"line":1,"column":63},"end":{"line":9,"column":1}},"line":1},"1":{"name":"(anonymous_1)","decl":{"start":{"line":11,"column":33},"end":{"line":11,"column":34}},"loc":{"start":{"line":11,"column":49},"end":{"line":16,"column":1}},"line":11}},"branchMap":{"0":{"loc":{"start":{"line":4,"column":4},"end":{"line":4,"column":27}},"type":"if","locations":[{"start":{"line":4,"column":4},"end":{"line":4,"column":27}},{"start":{"line":4,"column":4},"end":{"line":4,"column":27}}],"line":4},"1":{"loc":{"start":{"line":5,"column":4},"end":{"line":5,"column":40}},"type":"if","locations":[{"start":{"line":5,"column":4},"end":{"line":5,"column":40}},{"start":{"line":5,"column":4},"end":{"line":5,"column":40}}],"line":5},"2":{"loc":{"start":{"line":14,"column":2},"end":{"line":14,"column":43}},"type":"if","locations":[{"start":{"line":14,"column":2},"end":{"line":14,"column":43}},{"start":{"line":14,"column":2},"end":{"line":14,"column":43}}],"line":14}},"s":{"0":1,"1":2,"2":2,"3":2,"4":22,"5":1,"6":21,"7":4,"8":21,"9":2,"10":1,"11":2,"12":2,"13":2,"14":1,"15":1},"f":{"0":2,"1":2},"b":{"0":[1,21],"1":[4,17],"2":[1,1]},"_coverageSchema":"1a1c01bbd47fc00a2c39e90264f33305004495a9","hash":"990cb494a826ab82db2e422bddf9932fd8a9e51c"}
,"D:\\OneDrive\\frontend\\packages\\flatstack\\src\\utils\\validate.js": {"path":"D:\\OneDrive\\frontend\\packages\\flatstack\\src\\utils\\validate.js","statementMap":{"0":{"start":{"line":1,"column":29},"end":{"line":7,"column":1}},"1":{"start":{"line":2,"column":15},"end":{"line":2,"column":17}},"2":{"start":{"line":3,"column":2},"end":{"line":5,"column":3}},"3":{"start":{"line":4,"column":4},"end":{"line":4,"column":43}},"4":{"start":{"line":4,"column":28},"end":{"line":4,"column":43}},"5":{"start":{"line":6,"column":2},"end":{"line":6,"column":16}}},"fnMap":{"0":{"name":"(anonymous_0)","decl":{"start":{"line":1,"column":29},"end":{"line":1,"column":30}},"loc":{"start":{"line":1,"column":48},"end":{"line":7,"column":1}},"line":1}},"branchMap":{"0":{"loc":{"start":{"line":4,"column":4},"end":{"line":4,"column":43}},"type":"if","locations":[{"start":{"line":4,"column":4},"end":{"line":4,"column":43}},{"start":{"line":4,"column":4},"end":{"line":4,"column":43}}],"line":4}},"s":{"0":3,"1":36,"2":36,"3":198,"4":162,"5":36},"f":{"0":36},"b":{"0":[162,36]},"_coverageSchema":"1a1c01bbd47fc00a2c39e90264f33305004495a9","hash":"ede31b6dd3c02ea211417f500d285185d5e88886"}
}
