TN:
SF:src\constants\actionTypes.js
FNF:0
FNH:0
LF:0
LH:0
BRF:0
BRH:0
end_of_record
TN:
SF:src\constants\errorMessages.js
FNF:0
FNH:0
LF:0
LH:0
BRF:0
BRH:0
end_of_record
TN:
SF:src\constants\stages.js
FNF:0
FNH:0
LF:0
LH:0
BRF:0
BRH:0
end_of_record
TN:
SF:src\reducers\cartReducer.js
FN:7,(anonymous_0)
FN:16,addToCart
FNF:2
FNH:2
FNDA:2,(anonymous_0)
FNDA:1,addToCart
DA:3,1
DA:7,1
DA:8,2
DA:10,1
DA:12,1
DA:17,1
LF:6
LH:6
BRDA:7,0,0,0
BRDA:8,1,0,1
BRDA:8,1,1,1
BRF:3
BRH:2
end_of_record
TN:
SF:src\reducers\orderReducer.js
FN:35,(anonymous_0)
FN:60,setOrderStage
FN:67,updateShipping
FN:77,setShippingLocation
FN:89,updateBilling
FN:99,setBillingLocation
FN:111,updatePayment
FNF:7
FNH:7
FNDA:7,(anonymous_0)
FNDA:1,setOrderStage
FNDA:1,updateShipping
FNDA:1,setShippingLocation
FNDA:1,updateBilling
FNDA:1,setBillingLocation
FNDA:1,updatePayment
DA:4,1
DA:35,1
DA:36,7
DA:38,1
DA:41,1
DA:44,1
DA:47,1
DA:50,1
DA:53,1
DA:56,1
DA:61,1
DA:68,1
DA:78,1
DA:90,1
DA:100,1
DA:112,1
LF:16
LH:16
BRDA:35,0,0,0
BRDA:36,1,0,1
BRDA:36,1,1,1
BRDA:36,1,2,1
BRDA:36,1,3,1
BRDA:36,1,4,1
BRDA:36,1,5,1
BRDA:36,1,6,1
BRF:8
BRH:7
end_of_record
TN:
SF:src\services\validateBilling.js
FN:4,(anonymous_0)
FN:15,(anonymous_1)
FN:19,(anonymous_2)
FN:23,(anonymous_3)
FN:27,(anonymous_4)
FN:31,(anonymous_5)
FN:35,(anonymous_6)
FN:39,(anonymous_7)
FN:43,(anonymous_8)
FNF:9
FNH:9
FNDA:2,(anonymous_0)
FNDA:2,(anonymous_1)
FNDA:2,(anonymous_2)
FNDA:2,(anonymous_3)
FNDA:2,(anonymous_4)
FNDA:2,(anonymous_5)
FNDA:2,(anonymous_6)
FNDA:2,(anonymous_7)
FNDA:2,(anonymous_8)
DA:4,1
DA:5,2
DA:6,2
DA:7,2
DA:8,2
DA:9,2
DA:10,2
DA:11,2
DA:12,2
DA:15,1
DA:16,2
DA:19,1
DA:20,2
DA:23,1
DA:24,2
DA:27,1
DA:28,2
DA:31,1
DA:32,2
DA:35,1
DA:36,2
DA:39,1
DA:40,2
DA:44,2
DA:54,2
LF:25
LH:25
BRDA:6,0,0,1
BRDA:6,0,1,1
BRDA:7,1,0,1
BRDA:7,1,1,1
BRDA:8,2,0,1
BRDA:8,2,1,1
BRDA:9,3,0,1
BRDA:9,3,1,1
BRDA:10,4,0,1
BRDA:10,4,1,1
BRDA:11,5,0,1
BRDA:11,5,1,1
BRF:12
BRH:12
end_of_record
TN:
SF:src\services\validatePayment.js
FN:4,(anonymous_0)
FN:17,(anonymous_1)
FN:21,(anonymous_2)
FN:26,(anonymous_3)
FN:31,(anonymous_4)
FN:36,(anonymous_5)
FNF:6
FNH:6
FNDA:2,(anonymous_0)
FNDA:2,(anonymous_1)
FNDA:2,(anonymous_2)
FNDA:2,(anonymous_3)
FNDA:2,(anonymous_4)
FNDA:2,(anonymous_5)
DA:4,1
DA:5,2
DA:6,2
DA:7,2
DA:8,2
DA:10,2
DA:11,2
DA:12,1
DA:14,2
DA:17,1
DA:18,2
DA:21,1
DA:22,2
DA:26,1
DA:27,2
DA:31,1
DA:32,2
DA:42,2
DA:49,2
LF:19
LH:19
BRDA:6,0,0,1
BRDA:6,0,1,1
BRDA:7,1,0,2
BRDA:7,1,1,0
BRDA:10,2,0,1
BRDA:10,2,1,1
BRDA:11,3,0,1
BRDA:11,3,1,1
BRDA:38,4,0,2
BRDA:39,5,0,2
BRDA:40,6,0,2
BRF:11
BRH:10
end_of_record
TN:
SF:src\services\validateShipping.js
FN:4,(anonymous_0)
FN:15,(anonymous_1)
FN:19,(anonymous_2)
FN:23,(anonymous_3)
FN:27,(anonymous_4)
FN:31,(anonymous_5)
FN:35,(anonymous_6)
FN:39,(anonymous_7)
FN:43,(anonymous_8)
FNF:9
FNH:9
FNDA:2,(anonymous_0)
FNDA:2,(anonymous_1)
FNDA:2,(anonymous_2)
FNDA:2,(anonymous_3)
FNDA:2,(anonymous_4)
FNDA:2,(anonymous_5)
FNDA:2,(anonymous_6)
FNDA:2,(anonymous_7)
FNDA:2,(anonymous_8)
DA:4,1
DA:5,2
DA:6,2
DA:7,2
DA:8,2
DA:9,2
DA:10,2
DA:11,2
DA:12,2
DA:15,1
DA:16,2
DA:19,1
DA:20,2
DA:23,1
DA:24,2
DA:27,1
DA:28,2
DA:31,1
DA:32,2
DA:35,1
DA:36,2
DA:39,1
DA:40,2
DA:44,2
DA:54,2
LF:25
LH:25
BRDA:6,0,0,1
BRDA:6,0,1,1
BRDA:7,1,0,1
BRDA:7,1,1,1
BRDA:8,2,0,1
BRDA:8,2,1,1
BRDA:9,3,0,1
BRDA:9,3,1,1
BRDA:10,4,0,1
BRDA:10,4,1,1
BRDA:11,5,0,1
BRDA:11,5,1,1
BRF:12
BRH:12
end_of_record
TN:
SF:src\utils\masks.js
FN:1,(anonymous_0)
FN:11,(anonymous_1)
FNF:2
FNH:2
FNDA:2,(anonymous_0)
FNDA:2,(anonymous_1)
DA:1,1
DA:2,2
DA:3,2
DA:4,22
DA:5,21
DA:6,21
DA:8,2
DA:11,1
DA:12,2
DA:13,2
DA:14,2
DA:15,1
LF:12
LH:12
BRDA:4,0,0,1
BRDA:4,0,1,21
BRDA:5,1,0,4
BRDA:5,1,1,17
BRDA:14,2,0,1
BRDA:14,2,1,1
BRF:6
BRH:6
end_of_record
TN:
SF:src\utils\validate.js
FN:1,(anonymous_0)
FNF:1
FNH:1
FNDA:36,(anonymous_0)
DA:1,3
DA:2,36
DA:3,36
DA:4,198
DA:6,36
LF:5
LH:5
BRDA:4,0,0,162
BRDA:4,0,1,36
BRF:2
BRH:2
end_of_record
